<?xml version="1.0" encoding="UTF-8"?><testsuite errors="4" failures="10" name="org.icrc.fadapplic.IRIS.FAD.AccountsPayable.ReviewAPEntries" skipped="0" tests="16" time="1078.57" timestamp="2024-04-30 11:59:56"><testcase classname="org.icrc.fadapplic.IRIS.FAD.AccountsPayable.ReviewAPEntries" name="Edit voucher entries delete a line"><error message="The following error occurred: unknown error: net::ERR_NAME_NOT_RESOLVED&#10;  (Session info: chrome-headless-shell=124.0.6367.63)&#10;Build info: version: '3.141.59', revision: 'e82be7d358', time: '2018-11-14T08:17:03'&#10;System info: host: 'PCS15848', ip: '192.168.55.101', os.name: 'Windows 10', os.arch: 'amd64', os.version: '10.0', java.version: '1.8.0_392'&#10;Driver info: org.openqa.selenium.chrome.ChromeDriver&#10;Capabilities {acceptInsecureCerts: false, browserName: chrome-headless-shell, browserVersion: 124.0.6367.63, chrome: {chromedriverVersion: 123.0.6312.58 (6b4b19e9dfbb..., userDataDir: C:\Users\A734509\AppData\Lo...}, fedcm:accounts: true, goog:chromeOptions: {debuggerAddress: localhost:62449}, javascriptEnabled: true, networkConnectionEnabled: false, pageLoadStrategy: normal, platform: WINDOWS, platformName: WINDOWS, proxy: Proxy(), setWindowRect: true, strictFileInteractability: false, timeouts: {implicit: 0, pageLoad: 300000, script: 30000}, unhandledPromptBehavior: dismiss and notify, webauthn:extension:credBlob: true, webauthn:extension:largeBlob: true, webauthn:extension:minPinLength: true, webauthn:extension:prf: true, webauthn:virtualAuthenticators: true}&#10;Session ID: 4380faf85e18bff4d118e035e6d217f0" type="org.openqa.selenium.WebDriverException">The following error occurred: unknown error: net::ERR_NAME_NOT_RESOLVED
  (Session info: chrome-headless-shell=124.0.6367.63)
Build info: version: '3.141.59', revision: 'e82be7d358', time: '2018-11-14T08:17:03'
System info: host: 'PCS15848', ip: '192.168.55.101', os.name: 'Windows 10', os.arch: 'amd64', os.version: '10.0', java.version: '1.8.0_392'
Driver info: org.openqa.selenium.chrome.ChromeDriver
Capabilities {acceptInsecureCerts: false, browserName: chrome-headless-shell, browserVersion: 124.0.6367.63, chrome: {chromedriverVersion: 123.0.6312.58 (6b4b19e9dfbb..., userDataDir: C:\Users\A734509\AppData\Lo...}, fedcm:accounts: true, goog:chromeOptions: {debuggerAddress: localhost:62449}, javascriptEnabled: true, networkConnectionEnabled: false, pageLoadStrategy: normal, platform: WINDOWS, platformName: WINDOWS, proxy: Proxy(), setWindowRect: true, strictFileInteractability: false, timeouts: {implicit: 0, pageLoad: 300000, script: 30000}, unhandledPromptBehavior: dismiss and notify, webauthn:extension:credBlob: true, webauthn:extension:largeBlob: true, webauthn:extension:minPinLength: true, webauthn:extension:prf: true, webauthn:virtualAuthenticators: true}
Session ID: 4380faf85e18bff4d118e035e6d217f0</error><system-err>The following error occurred: unknown error: net::ERR_NAME_NOT_RESOLVED
  (Session info: chrome-headless-shell=124.0.6367.63)
Build info: version: '3.141.59', revision: 'e82be7d358', time: '2018-11-14T08:17:03'
System info: host: 'PCS15848', ip: '192.168.55.101', os.name: 'Windows 10', os.arch: 'amd64', os.version: '10.0', java.version: '1.8.0_392'
Driver info: org.openqa.selenium.chrome.ChromeDriver
Capabilities {acceptInsecureCerts: false, browserName: chrome-headless-shell, browserVersion: 124.0.6367.63, chrome: {chromedriverVersion: 123.0.6312.58 (6b4b19e9dfbb..., userDataDir: C:\Users\A734509\AppData\Lo...}, fedcm:accounts: true, goog:chromeOptions: {debuggerAddress: localhost:62449}, javascriptEnabled: true, networkConnectionEnabled: false, pageLoadStrategy: normal, platform: WINDOWS, platformName: WINDOWS, proxy: Proxy(), setWindowRect: true, strictFileInteractability: false, timeouts: {implicit: 0, pageLoad: 300000, script: 30000}, unhandledPromptBehavior: dismiss and notify, webauthn:extension:credBlob: true, webauthn:extension:largeBlob: true, webauthn:extension:minPinLength: true, webauthn:extension:prf: true, webauthn:virtualAuthenticators: true}
Session ID: 4380faf85e18bff4d118e035e6d217f0&#13;
pageobjects.IRIS.FAD.GenericPage.openUrl(GenericPage.java:50)&#13;
steps.IRIS.FAD.FADGenericSteps.when_I_open_FAD_URL(FADGenericSteps.java:16)&#13;
steps.IRIS.FAD.VoucherEntrySteps.given_that_Im_logged_in_to_Voucher_Entry_page(VoucherEntrySteps.java:26)&#13;
org.icrc.fadapplic.IRIS.FAD.AccountsPayable.ReviewAPEntries.editVoucherEntriesDeleteALine(ReviewAPEntries.java:412)&#13;
</system-err></testcase><testcase classname="org.icrc.fadapplic.IRIS.FAD.AccountsPayable.ReviewAPEntries" name="Create manual payment and delete unposted payment"><error message="The following error occurred: unknown error: net::ERR_NAME_NOT_RESOLVED&#10;  (Session info: chrome-headless-shell=124.0.6367.63)&#10;Build info: version: '3.141.59', revision: 'e82be7d358', time: '2018-11-14T08:17:03'&#10;System info: host: 'PCS15848', ip: '192.168.55.101', os.name: 'Windows 10', os.arch: 'amd64', os.version: '10.0', java.version: '1.8.0_392'&#10;Driver info: org.openqa.selenium.chrome.ChromeDriver&#10;Capabilities {acceptInsecureCerts: false, browserName: chrome-headless-shell, browserVersion: 124.0.6367.63, chrome: {chromedriverVersion: 123.0.6312.58 (6b4b19e9dfbb..., userDataDir: C:\Users\A734509\AppData\Lo...}, fedcm:accounts: true, goog:chromeOptions: {debuggerAddress: localhost:62469}, javascriptEnabled: true, networkConnectionEnabled: false, pageLoadStrategy: normal, platform: WINDOWS, platformName: WINDOWS, proxy: Proxy(), setWindowRect: true, strictFileInteractability: false, timeouts: {implicit: 0, pageLoad: 300000, script: 30000}, unhandledPromptBehavior: dismiss and notify, webauthn:extension:credBlob: true, webauthn:extension:largeBlob: true, webauthn:extension:minPinLength: true, webauthn:extension:prf: true, webauthn:virtualAuthenticators: true}&#10;Session ID: 5b5752e3d49a8270615c6b6d00fb56a6" type="org.openqa.selenium.WebDriverException">The following error occurred: unknown error: net::ERR_NAME_NOT_RESOLVED
  (Session info: chrome-headless-shell=124.0.6367.63)
Build info: version: '3.141.59', revision: 'e82be7d358', time: '2018-11-14T08:17:03'
System info: host: 'PCS15848', ip: '192.168.55.101', os.name: 'Windows 10', os.arch: 'amd64', os.version: '10.0', java.version: '1.8.0_392'
Driver info: org.openqa.selenium.chrome.ChromeDriver
Capabilities {acceptInsecureCerts: false, browserName: chrome-headless-shell, browserVersion: 124.0.6367.63, chrome: {chromedriverVersion: 123.0.6312.58 (6b4b19e9dfbb..., userDataDir: C:\Users\A734509\AppData\Lo...}, fedcm:accounts: true, goog:chromeOptions: {debuggerAddress: localhost:62469}, javascriptEnabled: true, networkConnectionEnabled: false, pageLoadStrategy: normal, platform: WINDOWS, platformName: WINDOWS, proxy: Proxy(), setWindowRect: true, strictFileInteractability: false, timeouts: {implicit: 0, pageLoad: 300000, script: 30000}, unhandledPromptBehavior: dismiss and notify, webauthn:extension:credBlob: true, webauthn:extension:largeBlob: true, webauthn:extension:minPinLength: true, webauthn:extension:prf: true, webauthn:virtualAuthenticators: true}
Session ID: 5b5752e3d49a8270615c6b6d00fb56a6</error><system-err>The following error occurred: unknown error: net::ERR_NAME_NOT_RESOLVED
  (Session info: chrome-headless-shell=124.0.6367.63)
Build info: version: '3.141.59', revision: 'e82be7d358', time: '2018-11-14T08:17:03'
System info: host: 'PCS15848', ip: '192.168.55.101', os.name: 'Windows 10', os.arch: 'amd64', os.version: '10.0', java.version: '1.8.0_392'
Driver info: org.openqa.selenium.chrome.ChromeDriver
Capabilities {acceptInsecureCerts: false, browserName: chrome-headless-shell, browserVersion: 124.0.6367.63, chrome: {chromedriverVersion: 123.0.6312.58 (6b4b19e9dfbb..., userDataDir: C:\Users\A734509\AppData\Lo...}, fedcm:accounts: true, goog:chromeOptions: {debuggerAddress: localhost:62469}, javascriptEnabled: true, networkConnectionEnabled: false, pageLoadStrategy: normal, platform: WINDOWS, platformName: WINDOWS, proxy: Proxy(), setWindowRect: true, strictFileInteractability: false, timeouts: {implicit: 0, pageLoad: 300000, script: 30000}, unhandledPromptBehavior: dismiss and notify, webauthn:extension:credBlob: true, webauthn:extension:largeBlob: true, webauthn:extension:minPinLength: true, webauthn:extension:prf: true, webauthn:virtualAuthenticators: true}
Session ID: 5b5752e3d49a8270615c6b6d00fb56a6&#13;
pageobjects.IRIS.FAD.GenericPage.openUrl(GenericPage.java:50)&#13;
steps.IRIS.FAD.FADGenericSteps.when_I_open_FAD_URL(FADGenericSteps.java:16)&#13;
steps.IRIS.FAD.VoucherEntrySteps.given_that_Im_logged_in_to_Voucher_Entry_page(VoucherEntrySteps.java:26)&#13;
org.icrc.fadapplic.IRIS.FAD.AccountsPayable.ReviewAPEntries.createManualPaymentAndDeleteUnpostedPayment(ReviewAPEntries.java:1349)&#13;
</system-err></testcase><testcase classname="org.icrc.fadapplic.IRIS.FAD.AccountsPayable.ReviewAPEntries" name="Clear employee field for GL distribution and voucher entries"><error message="The following error occurred: unknown error: net::ERR_NAME_NOT_RESOLVED&#10;  (Session info: chrome-headless-shell=124.0.6367.63)&#10;Build info: version: '3.141.59', revision: 'e82be7d358', time: '2018-11-14T08:17:03'&#10;System info: host: 'PCS15848', ip: '192.168.55.101', os.name: 'Windows 10', os.arch: 'amd64', os.version: '10.0', java.version: '1.8.0_392'&#10;Driver info: org.openqa.selenium.chrome.ChromeDriver&#10;Capabilities {acceptInsecureCerts: false, browserName: chrome-headless-shell, browserVersion: 124.0.6367.63, chrome: {chromedriverVersion: 123.0.6312.58 (6b4b19e9dfbb..., userDataDir: C:\Users\A734509\AppData\Lo...}, fedcm:accounts: true, goog:chromeOptions: {debuggerAddress: localhost:62506}, javascriptEnabled: true, networkConnectionEnabled: false, pageLoadStrategy: normal, platform: WINDOWS, platformName: WINDOWS, proxy: Proxy(), setWindowRect: true, strictFileInteractability: false, timeouts: {implicit: 0, pageLoad: 300000, script: 30000}, unhandledPromptBehavior: dismiss and notify, webauthn:extension:credBlob: true, webauthn:extension:largeBlob: true, webauthn:extension:minPinLength: true, webauthn:extension:prf: true, webauthn:virtualAuthenticators: true}&#10;Session ID: 4f54b152934dbfd095614f440cbb8c93" type="org.openqa.selenium.WebDriverException">The following error occurred: unknown error: net::ERR_NAME_NOT_RESOLVED
  (Session info: chrome-headless-shell=124.0.6367.63)
Build info: version: '3.141.59', revision: 'e82be7d358', time: '2018-11-14T08:17:03'
System info: host: 'PCS15848', ip: '192.168.55.101', os.name: 'Windows 10', os.arch: 'amd64', os.version: '10.0', java.version: '1.8.0_392'
Driver info: org.openqa.selenium.chrome.ChromeDriver
Capabilities {acceptInsecureCerts: false, browserName: chrome-headless-shell, browserVersion: 124.0.6367.63, chrome: {chromedriverVersion: 123.0.6312.58 (6b4b19e9dfbb..., userDataDir: C:\Users\A734509\AppData\Lo...}, fedcm:accounts: true, goog:chromeOptions: {debuggerAddress: localhost:62506}, javascriptEnabled: true, networkConnectionEnabled: false, pageLoadStrategy: normal, platform: WINDOWS, platformName: WINDOWS, proxy: Proxy(), setWindowRect: true, strictFileInteractability: false, timeouts: {implicit: 0, pageLoad: 300000, script: 30000}, unhandledPromptBehavior: dismiss and notify, webauthn:extension:credBlob: true, webauthn:extension:largeBlob: true, webauthn:extension:minPinLength: true, webauthn:extension:prf: true, webauthn:virtualAuthenticators: true}
Session ID: 4f54b152934dbfd095614f440cbb8c93</error><system-err>The following error occurred: unknown error: net::ERR_NAME_NOT_RESOLVED
  (Session info: chrome-headless-shell=124.0.6367.63)
Build info: version: '3.141.59', revision: 'e82be7d358', time: '2018-11-14T08:17:03'
System info: host: 'PCS15848', ip: '192.168.55.101', os.name: 'Windows 10', os.arch: 'amd64', os.version: '10.0', java.version: '1.8.0_392'
Driver info: org.openqa.selenium.chrome.ChromeDriver
Capabilities {acceptInsecureCerts: false, browserName: chrome-headless-shell, browserVersion: 124.0.6367.63, chrome: {chromedriverVersion: 123.0.6312.58 (6b4b19e9dfbb..., userDataDir: C:\Users\A734509\AppData\Lo...}, fedcm:accounts: true, goog:chromeOptions: {debuggerAddress: localhost:62506}, javascriptEnabled: true, networkConnectionEnabled: false, pageLoadStrategy: normal, platform: WINDOWS, platformName: WINDOWS, proxy: Proxy(), setWindowRect: true, strictFileInteractability: false, timeouts: {implicit: 0, pageLoad: 300000, script: 30000}, unhandledPromptBehavior: dismiss and notify, webauthn:extension:credBlob: true, webauthn:extension:largeBlob: true, webauthn:extension:minPinLength: true, webauthn:extension:prf: true, webauthn:virtualAuthenticators: true}
Session ID: 4f54b152934dbfd095614f440cbb8c93&#13;
pageobjects.IRIS.FAD.GenericPage.openUrl(GenericPage.java:50)&#13;
steps.IRIS.FAD.FADGenericSteps.when_I_open_FAD_URL(FADGenericSteps.java:16)&#13;
steps.IRIS.FAD.VoucherEntrySteps.given_that_Im_logged_in_to_Voucher_Entry_page(VoucherEntrySteps.java:26)&#13;
org.icrc.fadapplic.IRIS.FAD.AccountsPayable.ReviewAPEntries.clearEmployeeFieldForGLDistributionAndVoucherEntries(ReviewAPEntries.java:531)&#13;
</system-err></testcase><testcase classname="org.icrc.fadapplic.IRIS.FAD.AccountsPayable.ReviewAPEntries" name="Reversal of unposted PO redistribution"><failure message="Expected enabled element was not enabled" type="net.thucydides.core.webdriver.exceptions.ElementShouldBeEnabledException">Expected enabled element was not enabled</failure><system-err>Expected enabled element was not enabled&#13;
pageobjects.IRIS.FAD.GenericPage.clickElement(GenericPage.java:199)&#13;
pageobjects.IRIS.FAD.GenericPage.clickLabeledButton(GenericPage.java:289)&#13;
pageobjects.IRIS.FAD.FADGenericPage.clickOnContinueBtn(FADGenericPage.java:383)&#13;
steps.IRIS.FAD.PreLoggingSteps.when_I_click_the_Continue_button(PreLoggingSteps.java:49)&#13;
org.icrc.fadapplic.IRIS.FAD.AccountsPayable.ReviewAPEntries.reversalOfUnpostedPORedistribution(ReviewAPEntries.java:650)&#13;
</system-err></testcase><testcase classname="org.icrc.fadapplic.IRIS.FAD.AccountsPayable.ReviewAPEntries" name="Create voucher entry and edit"><failure message="Expected enabled element was not enabled" type="net.thucydides.core.webdriver.exceptions.ElementShouldBeEnabledException">Expected enabled element was not enabled</failure><system-err>Expected enabled element was not enabled&#13;
pageobjects.IRIS.FAD.GenericPage.clickElement(GenericPage.java:199)&#13;
pageobjects.IRIS.FAD.GenericPage.clickLabeledButton(GenericPage.java:289)&#13;
pageobjects.IRIS.FAD.FADGenericPage.clickOnContinueBtn(FADGenericPage.java:383)&#13;
steps.IRIS.FAD.VoucherEntrySteps.when_I_click_on_Continue_button(VoucherEntrySteps.java:59)&#13;
org.icrc.fadapplic.IRIS.FAD.AccountsPayable.ReviewAPEntries.createVoucherEntryAndEdit(ReviewAPEntries.java:1058)&#13;
</system-err></testcase><testcase classname="org.icrc.fadapplic.IRIS.FAD.AccountsPayable.ReviewAPEntries" name="Edit AP entries"><failure message="Expected enabled element was not enabled" type="net.thucydides.core.webdriver.exceptions.ElementShouldBeEnabledException">Expected enabled element was not enabled</failure><system-err>Expected enabled element was not enabled&#13;
pageobjects.IRIS.FAD.GenericPage.clickElement(GenericPage.java:199)&#13;
pageobjects.IRIS.FAD.GenericPage.clickLabeledButton(GenericPage.java:289)&#13;
pageobjects.IRIS.FAD.FADGenericPage.clickOnContinueBtn(FADGenericPage.java:383)&#13;
steps.IRIS.FAD.VoucherEntrySteps.when_I_click_on_Continue_button(VoucherEntrySteps.java:59)&#13;
org.icrc.fadapplic.IRIS.FAD.AccountsPayable.ReviewAPEntries.editAPEntries(ReviewAPEntries.java:1687)&#13;
</system-err></testcase><testcase classname="org.icrc.fadapplic.IRIS.FAD.AccountsPayable.ReviewAPEntries" name="Review voucher AP entries"><failure message="Expected enabled element was not enabled" type="net.thucydides.core.webdriver.exceptions.ElementShouldBeEnabledException">Expected enabled element was not enabled</failure><system-err>Expected enabled element was not enabled&#13;
pageobjects.IRIS.FAD.GenericPage.clickElement(GenericPage.java:199)&#13;
pageobjects.IRIS.FAD.GenericPage.clickLabeledButton(GenericPage.java:289)&#13;
pageobjects.IRIS.FAD.FADGenericPage.clickOnContinueBtn(FADGenericPage.java:383)&#13;
steps.IRIS.FAD.VoucherEntrySteps.when_I_click_on_Continue_button(VoucherEntrySteps.java:59)&#13;
org.icrc.fadapplic.IRIS.FAD.AccountsPayable.ReviewAPEntries.reviewVoucherAPEntries(ReviewAPEntries.java:1815)&#13;
</system-err></testcase><testcase classname="org.icrc.fadapplic.IRIS.FAD.AccountsPayable.ReviewAPEntries" name="Search payment"/><testcase classname="org.icrc.fadapplic.IRIS.FAD.AccountsPayable.ReviewAPEntries" name="Reversal of unposted voucher match"><failure message="Expected enabled element was not enabled" type="net.thucydides.core.webdriver.exceptions.ElementShouldBeEnabledException">Expected enabled element was not enabled</failure><system-err>Expected enabled element was not enabled&#13;
pageobjects.IRIS.FAD.GenericPage.clickElement(GenericPage.java:199)&#13;
pageobjects.IRIS.FAD.GenericPage.clickLabeledButton(GenericPage.java:289)&#13;
pageobjects.IRIS.FAD.FADGenericPage.clickOnContinueBtn(FADGenericPage.java:383)&#13;
steps.IRIS.FAD.VoucherMatchSteps.when_I_click_on_Continue_Button(VoucherMatchSteps.java:98)&#13;
org.icrc.fadapplic.IRIS.FAD.AccountsPayable.ReviewAPEntries.reversalOfUnpostedVoucherMatch(ReviewAPEntries.java:755)&#13;
</system-err></testcase><testcase classname="org.icrc.fadapplic.IRIS.FAD.AccountsPayable.ReviewAPEntries" name="Check edit button for voucher entry and redistribute GL"><failure message="Expected enabled element was not enabled" type="net.thucydides.core.webdriver.exceptions.ElementShouldBeEnabledException">Expected enabled element was not enabled</failure><system-err>Expected enabled element was not enabled&#13;
pageobjects.IRIS.FAD.GenericPage.clickElement(GenericPage.java:199)&#13;
pageobjects.IRIS.FAD.GenericPage.clickLabeledButton(GenericPage.java:289)&#13;
pageobjects.IRIS.FAD.FADGenericPage.clickOnContinueBtn(FADGenericPage.java:383)&#13;
steps.IRIS.FAD.PreLoggingSteps.when_I_click_the_Continue_button(PreLoggingSteps.java:49)&#13;
org.icrc.fadapplic.IRIS.FAD.AccountsPayable.ReviewAPEntries.checkEditButtonForVoucherEntryAndRedistributeGL(ReviewAPEntries.java:250)&#13;
</system-err></testcase><testcase classname="org.icrc.fadapplic.IRIS.FAD.AccountsPayable.ReviewAPEntries" name="Print payment form"><failure type="java.lang.AssertionError"/><system-err>null&#13;
steps.IRIS.FAD.ReviewPaymentsAPEntriesSteps.then_the_file_should_be_downloaded(ReviewPaymentsAPEntriesSteps.java:86)&#13;
org.icrc.fadapplic.IRIS.FAD.AccountsPayable.ReviewAPEntries.printPaymentForm(ReviewAPEntries.java:1478)&#13;
</system-err></testcase><testcase classname="org.icrc.fadapplic.IRIS.FAD.AccountsPayable.ReviewAPEntries" name="Edit voucher entry line account number"><failure message="Expected enabled element was not enabled" type="net.thucydides.core.webdriver.exceptions.ElementShouldBeEnabledException">Expected enabled element was not enabled</failure><system-err>Expected enabled element was not enabled&#13;
pageobjects.IRIS.FAD.GenericPage.clickElement(GenericPage.java:199)&#13;
pageobjects.IRIS.FAD.GenericPage.clickLabeledButton(GenericPage.java:289)&#13;
pageobjects.IRIS.FAD.FADGenericPage.clickOnContinueBtn(FADGenericPage.java:383)&#13;
steps.IRIS.FAD.VoucherEntrySteps.when_I_click_on_Continue_button(VoucherEntrySteps.java:59)&#13;
org.icrc.fadapplic.IRIS.FAD.AccountsPayable.ReviewAPEntries.editVoucherEntryLineAccountNumber(ReviewAPEntries.java:120)&#13;
</system-err></testcase><testcase classname="org.icrc.fadapplic.IRIS.FAD.AccountsPayable.ReviewAPEntries" name="Payment information"/><testcase classname="org.icrc.fadapplic.IRIS.FAD.AccountsPayable.ReviewAPEntries" name="Delete voucher AP entry"><failure message="Expected enabled element was not enabled" type="net.thucydides.core.webdriver.exceptions.ElementShouldBeEnabledException">Expected enabled element was not enabled</failure><system-err>Expected enabled element was not enabled&#13;
pageobjects.IRIS.FAD.GenericPage.clickElement(GenericPage.java:199)&#13;
pageobjects.IRIS.FAD.GenericPage.clickLabeledButton(GenericPage.java:289)&#13;
pageobjects.IRIS.FAD.FADGenericPage.clickOnContinueBtn(FADGenericPage.java:383)&#13;
steps.IRIS.FAD.VoucherEntrySteps.when_I_click_on_Continue_button(VoucherEntrySteps.java:59)&#13;
org.icrc.fadapplic.IRIS.FAD.AccountsPayable.ReviewAPEntries.deleteVoucherAPEntry(ReviewAPEntries.java:1564)&#13;
</system-err></testcase><testcase classname="org.icrc.fadapplic.IRIS.FAD.AccountsPayable.ReviewAPEntries" name="Create voucher entry and test filter selection"><failure message="Expected enabled element was not enabled" type="net.thucydides.core.webdriver.exceptions.ElementShouldBeEnabledException">Expected enabled element was not enabled</failure><system-err>Expected enabled element was not enabled&#13;
pageobjects.IRIS.FAD.GenericPage.clickElement(GenericPage.java:199)&#13;
pageobjects.IRIS.FAD.GenericPage.clickLabeledButton(GenericPage.java:289)&#13;
pageobjects.IRIS.FAD.FADGenericPage.clickOnContinueBtn(FADGenericPage.java:383)&#13;
steps.IRIS.FAD.VoucherEntrySteps.when_I_click_on_Continue_button(VoucherEntrySteps.java:59)&#13;
org.icrc.fadapplic.IRIS.FAD.AccountsPayable.ReviewAPEntries.createVoucherEntryAndTestFilterSelection(ReviewAPEntries.java:845)&#13;
</system-err></testcase><testcase classname="org.icrc.fadapplic.IRIS.FAD.AccountsPayable.ReviewAPEntries" name="Create voucher entry review and delete"><error message="Expected condition failed: waiting for visibility of all elements located by By.xpath:  .//div[contains(@class, 'form-item')][span[text()='Supplier']]//div[contains(@class, 'Select-option')] | .//div[contains(@class, 'form-item')][span[contains(text(), 'Supplier')]]//div[contains(@class, 'Select-option')] (tried for 120 second(s) with 100 milliseconds interval)&#10;Build info: version: '3.141.59', revision: 'e82be7d358', time: '2018-11-14T08:17:03'&#10;System info: host: 'PCS15848', ip: '192.168.55.101', os.name: 'Windows 10', os.arch: 'amd64', os.version: '10.0', java.version: '1.8.0_392'&#10;Driver info: net.thucydides.core.webdriver.WebDriverFacade" type="org.openqa.selenium.TimeoutException">Expected condition failed: waiting for visibility of all elements located by By.xpath:  .//div[contains(@class, 'form-item')][span[text()='Supplier']]//div[contains(@class, 'Select-option')] | .//div[contains(@class, 'form-item')][span[contains(text(), 'Supplier')]]//div[contains(@class, 'Select-option')] (tried for 120 second(s) with 100 milliseconds interval)
Build info: version: '3.141.59', revision: 'e82be7d358', time: '2018-11-14T08:17:03'
System info: host: 'PCS15848', ip: '192.168.55.101', os.name: 'Windows 10', os.arch: 'amd64', os.version: '10.0', java.version: '1.8.0_392'
Driver info: net.thucydides.core.webdriver.WebDriverFacade</error><system-err>Expected condition failed: waiting for visibility of all elements located by By.xpath:  .//div[contains(@class, 'form-item')][span[text()='Supplier']]//div[contains(@class, 'Select-option')] | .//div[contains(@class, 'form-item')][span[contains(text(), 'Supplier')]]//div[contains(@class, 'Select-option')] (tried for 120 second(s) with 100 milliseconds interval)
Build info: version: '3.141.59', revision: 'e82be7d358', time: '2018-11-14T08:17:03'
System info: host: 'PCS15848', ip: '192.168.55.101', os.name: 'Windows 10', os.arch: 'amd64', os.version: '10.0', java.version: '1.8.0_392'
Driver info: net.thucydides.core.webdriver.WebDriverFacade&#13;
utils.ExplicitWait.explicitlyWaitForVisibilityOfAllElements(ExplicitWait.java:94)&#13;
pageobjects.IRIS.FAD.FADGenericPage.selectDropdownOption(FADGenericPage.java:80)&#13;
pageobjects.IRIS.FAD.FADGenericPage.selectDropdownOption(FADGenericPage.java:116)&#13;
pageobjects.IRIS.FAD.FADGenericPage.typeAndSelectLabeledDropdownOption(FADGenericPage.java:200)&#13;
pageobjects.IRIS.FAD.VoucherEntryPage.setSupplier(VoucherEntryPage.java:15)&#13;
steps.IRIS.FAD.VoucherEntrySteps.when_I_select_the_supplier(VoucherEntrySteps.java:38)&#13;
org.icrc.fadapplic.IRIS.FAD.AccountsPayable.ReviewAPEntries.createVoucherEntryReviewAndDelete(ReviewAPEntries.java:1200)&#13;
</system-err></testcase></testsuite>