<?xml version="1.0" encoding="UTF-8"?><testsuite errors="9" failures="2" name="org.icrc.fadapplic.IRIS.FAD.AccountsPayable.ReviewAPEntries" skipped="0" tests="16" time="2431.44" timestamp="2024-06-18 03:05:08"><testcase classname="org.icrc.fadapplic.IRIS.FAD.AccountsPayable.ReviewAPEntries" name="Edit voucher entries delete a line"><error message="no such element: Unable to locate element: {&quot;method&quot;:&quot;xpath&quot;,&quot;selector&quot;:&quot;.//button[.//span[contains(text(), 'Payment Amount')]] | .//a[contains(text(), 'Payment Amount')] | //button//span[contains(.,'Payment Amount')] | .//a//span[contains(.,'Payment Amount')] | .//div//span[contains(.,'Payment Amount')]&quot;}&#10;  (Session info: chrome-headless-shell=125.0.6422.176)&#10;For documentation on this error, please visit: https://www.seleniumhq.org/exceptions/no_such_element.html&#10;Build info: version: '3.141.59', revision: 'e82be7d358', time: '2018-11-14T08:17:03'&#10;System info: host: 'PCS15848', ip: '192.168.1.8', os.name: 'Windows 10', os.arch: 'amd64', os.version: '10.0', java.version: '1.8.0_392'&#10;Driver info: org.openqa.selenium.chrome.ChromeDriver&#10;Capabilities {acceptInsecureCerts: false, browserName: chrome-headless-shell, browserVersion: 125.0.6422.176, chrome: {chromedriverVersion: 125.0.6422.76 (67dcf7562b8f..., userDataDir: C:\Users\A734509\AppData\Lo...}, fedcm:accounts: true, goog:chromeOptions: {debuggerAddress: localhost:51426}, javascriptEnabled: true, networkConnectionEnabled: false, pageLoadStrategy: normal, platform: WINDOWS, platformName: WINDOWS, proxy: Proxy(), setWindowRect: true, strictFileInteractability: false, timeouts: {implicit: 0, pageLoad: 300000, script: 30000}, unhandledPromptBehavior: dismiss and notify, webauthn:extension:credBlob: true, webauthn:extension:largeBlob: true, webauthn:extension:minPinLength: true, webauthn:extension:prf: true, webauthn:virtualAuthenticators: true}&#10;Session ID: e8759622960bff732bde7a9fa9c5dcbc&#10;*** Element info: {Using=xpath, value=.//button[.//span[contains(text(), 'Payment Amount')]] | .//a[contains(text(), 'Payment Amount')] | //button//span[contains(.,'Payment Amount')] | .//a//span[contains(.,'Payment Amount')] | .//div//span[contains(.,'Payment Amount')]}" type="org.openqa.selenium.NoSuchElementException">no such element: Unable to locate element: {"method":"xpath","selector":".//button[.//span[contains(text(), 'Payment Amount')]] | .//a[contains(text(), 'Payment Amount')] | //button//span[contains(.,'Payment Amount')] | .//a//span[contains(.,'Payment Amount')] | .//div//span[contains(.,'Payment Amount')]"}
  (Session info: chrome-headless-shell=125.0.6422.176)
For documentation on this error, please visit: https://www.seleniumhq.org/exceptions/no_such_element.html
Build info: version: '3.141.59', revision: 'e82be7d358', time: '2018-11-14T08:17:03'
System info: host: 'PCS15848', ip: '192.168.1.8', os.name: 'Windows 10', os.arch: 'amd64', os.version: '10.0', java.version: '1.8.0_392'
Driver info: org.openqa.selenium.chrome.ChromeDriver
Capabilities {acceptInsecureCerts: false, browserName: chrome-headless-shell, browserVersion: 125.0.6422.176, chrome: {chromedriverVersion: 125.0.6422.76 (67dcf7562b8f..., userDataDir: C:\Users\A734509\AppData\Lo...}, fedcm:accounts: true, goog:chromeOptions: {debuggerAddress: localhost:51426}, javascriptEnabled: true, networkConnectionEnabled: false, pageLoadStrategy: normal, platform: WINDOWS, platformName: WINDOWS, proxy: Proxy(), setWindowRect: true, strictFileInteractability: false, timeouts: {implicit: 0, pageLoad: 300000, script: 30000}, unhandledPromptBehavior: dismiss and notify, webauthn:extension:credBlob: true, webauthn:extension:largeBlob: true, webauthn:extension:minPinLength: true, webauthn:extension:prf: true, webauthn:virtualAuthenticators: true}
Session ID: e8759622960bff732bde7a9fa9c5dcbc
*** Element info: {Using=xpath, value=.//button[.//span[contains(text(), 'Payment Amount')]] | .//a[contains(text(), 'Payment Amount')] | //button//span[contains(.,'Payment Amount')] | .//a//span[contains(.,'Payment Amount')] | .//div//span[contains(.,'Payment Amount')]}</error><system-err>no such element: Unable to locate element: {"method":"xpath","selector":".//button[.//span[contains(text(), 'Payment Amount')]] | .//a[contains(text(), 'Payment Amount')] | //button//span[contains(.,'Payment Amount')] | .//a//span[contains(.,'Payment Amount')] | .//div//span[contains(.,'Payment Amount')]"}
  (Session info: chrome-headless-shell=125.0.6422.176)
For documentation on this error, please visit: https://www.seleniumhq.org/exceptions/no_such_element.html
Build info: version: '3.141.59', revision: 'e82be7d358', time: '2018-11-14T08:17:03'
System info: host: 'PCS15848', ip: '192.168.1.8', os.name: 'Windows 10', os.arch: 'amd64', os.version: '10.0', java.version: '1.8.0_392'
Driver info: org.openqa.selenium.chrome.ChromeDriver
Capabilities {acceptInsecureCerts: false, browserName: chrome-headless-shell, browserVersion: 125.0.6422.176, chrome: {chromedriverVersion: 125.0.6422.76 (67dcf7562b8f..., userDataDir: C:\Users\A734509\AppData\Lo...}, fedcm:accounts: true, goog:chromeOptions: {debuggerAddress: localhost:51426}, javascriptEnabled: true, networkConnectionEnabled: false, pageLoadStrategy: normal, platform: WINDOWS, platformName: WINDOWS, proxy: Proxy(), setWindowRect: true, strictFileInteractability: false, timeouts: {implicit: 0, pageLoad: 300000, script: 30000}, unhandledPromptBehavior: dismiss and notify, webauthn:extension:credBlob: true, webauthn:extension:largeBlob: true, webauthn:extension:minPinLength: true, webauthn:extension:prf: true, webauthn:virtualAuthenticators: true}
Session ID: e8759622960bff732bde7a9fa9c5dcbc
*** Element info: {Using=xpath, value=.//button[.//span[contains(text(), 'Payment Amount')]] | .//a[contains(text(), 'Payment Amount')] | //button//span[contains(.,'Payment Amount')] | .//a//span[contains(.,'Payment Amount')] | .//div//span[contains(.,'Payment Amount')]}&#13;
pageobjects.IRIS.FAD.GenericPage.scrollIntoView(GenericPage.java:315)&#13;
pageobjects.IRIS.FAD.GenericPage.clickElement(GenericPage.java:197)&#13;
pageobjects.IRIS.FAD.GenericPage.clickLabeledButton(GenericPage.java:289)&#13;
pageobjects.IRIS.FAD.ReviewVoucherEntriesPage.clickPaymentAmountBtn(ReviewVoucherEntriesPage.java:48)&#13;
steps.IRIS.FAD.EditVoucherAPEntriesSteps.when_I_click_Payment_Amount_button(EditVoucherAPEntriesSteps.java:26)&#13;
org.icrc.fadapplic.IRIS.FAD.AccountsPayable.ReviewAPEntries.editVoucherEntriesDeleteALine(ReviewAPEntries.java:456)&#13;
</system-err></testcase><testcase classname="org.icrc.fadapplic.IRIS.FAD.AccountsPayable.ReviewAPEntries" name="Create manual payment and delete unposted payment"><error message="Expected condition failed: waiting for visibility of element located by By.xpath: //div[contains(@class, 'modal') and contains(@style, 'left: 0px')]//h3 (tried for 20 second(s) with 100 milliseconds interval)" type="org.openqa.selenium.TimeoutException">Expected condition failed: waiting for visibility of element located by By.xpath: //div[contains(@class, 'modal') and contains(@style, 'left: 0px')]//h3 (tried for 20 second(s) with 100 milliseconds interval)</error><system-err>Expected condition failed: waiting for visibility of element located by By.xpath: //div[contains(@class, 'modal') and contains(@style, 'left: 0px')]//h3 (tried for 20 second(s) with 100 milliseconds interval)&#13;
utils.ExplicitWait.explicitlyWaitForVisibilityOfElement(ExplicitWait.java:30)&#13;
pageobjects.IRIS.FAD.FADModalPage.getModalTitle(FADModalPage.java:21)&#13;
steps.IRIS.FAD.ManualPaymentSteps.then_the_Manual_Payment_Successfully_Created_modal_should_show_up(ManualPaymentSteps.java:96)&#13;
steps.IRIS.FAD.ManualPaymentSteps.then_the_Manual_Payment_Successfully_Created_modal_and_its_contents_should_show_up(ManualPaymentSteps.java:87)&#13;
org.icrc.fadapplic.IRIS.FAD.AccountsPayable.ReviewAPEntries.createManualPaymentAndDeleteUnpostedPayment(ReviewAPEntries.java:1421)&#13;
</system-err></testcase><testcase classname="org.icrc.fadapplic.IRIS.FAD.AccountsPayable.ReviewAPEntries" name="Clear employee field for GL distribution and voucher entries"><error message="no such element: Unable to locate element: {&quot;method&quot;:&quot;xpath&quot;,&quot;selector&quot;:&quot;.//button[.//span[contains(text(), 'Payment Amount')]] | .//a[contains(text(), 'Payment Amount')] | //button//span[contains(.,'Payment Amount')] | .//a//span[contains(.,'Payment Amount')] | .//div//span[contains(.,'Payment Amount')]&quot;}&#10;  (Session info: chrome-headless-shell=125.0.6422.176)&#10;For documentation on this error, please visit: https://www.seleniumhq.org/exceptions/no_such_element.html&#10;Build info: version: '3.141.59', revision: 'e82be7d358', time: '2018-11-14T08:17:03'&#10;System info: host: 'PCS15848', ip: '192.168.1.8', os.name: 'Windows 10', os.arch: 'amd64', os.version: '10.0', java.version: '1.8.0_392'&#10;Driver info: org.openqa.selenium.chrome.ChromeDriver&#10;Capabilities {acceptInsecureCerts: false, browserName: chrome-headless-shell, browserVersion: 125.0.6422.176, chrome: {chromedriverVersion: 125.0.6422.76 (67dcf7562b8f..., userDataDir: C:\Users\A734509\AppData\Lo...}, fedcm:accounts: true, goog:chromeOptions: {debuggerAddress: localhost:62450}, javascriptEnabled: true, networkConnectionEnabled: false, pageLoadStrategy: normal, platform: WINDOWS, platformName: WINDOWS, proxy: Proxy(), setWindowRect: true, strictFileInteractability: false, timeouts: {implicit: 0, pageLoad: 300000, script: 30000}, unhandledPromptBehavior: dismiss and notify, webauthn:extension:credBlob: true, webauthn:extension:largeBlob: true, webauthn:extension:minPinLength: true, webauthn:extension:prf: true, webauthn:virtualAuthenticators: true}&#10;Session ID: a8604bb1c0c532e0afadf54c6d63fdf4&#10;*** Element info: {Using=xpath, value=.//button[.//span[contains(text(), 'Payment Amount')]] | .//a[contains(text(), 'Payment Amount')] | //button//span[contains(.,'Payment Amount')] | .//a//span[contains(.,'Payment Amount')] | .//div//span[contains(.,'Payment Amount')]}" type="org.openqa.selenium.NoSuchElementException">no such element: Unable to locate element: {"method":"xpath","selector":".//button[.//span[contains(text(), 'Payment Amount')]] | .//a[contains(text(), 'Payment Amount')] | //button//span[contains(.,'Payment Amount')] | .//a//span[contains(.,'Payment Amount')] | .//div//span[contains(.,'Payment Amount')]"}
  (Session info: chrome-headless-shell=125.0.6422.176)
For documentation on this error, please visit: https://www.seleniumhq.org/exceptions/no_such_element.html
Build info: version: '3.141.59', revision: 'e82be7d358', time: '2018-11-14T08:17:03'
System info: host: 'PCS15848', ip: '192.168.1.8', os.name: 'Windows 10', os.arch: 'amd64', os.version: '10.0', java.version: '1.8.0_392'
Driver info: org.openqa.selenium.chrome.ChromeDriver
Capabilities {acceptInsecureCerts: false, browserName: chrome-headless-shell, browserVersion: 125.0.6422.176, chrome: {chromedriverVersion: 125.0.6422.76 (67dcf7562b8f..., userDataDir: C:\Users\A734509\AppData\Lo...}, fedcm:accounts: true, goog:chromeOptions: {debuggerAddress: localhost:62450}, javascriptEnabled: true, networkConnectionEnabled: false, pageLoadStrategy: normal, platform: WINDOWS, platformName: WINDOWS, proxy: Proxy(), setWindowRect: true, strictFileInteractability: false, timeouts: {implicit: 0, pageLoad: 300000, script: 30000}, unhandledPromptBehavior: dismiss and notify, webauthn:extension:credBlob: true, webauthn:extension:largeBlob: true, webauthn:extension:minPinLength: true, webauthn:extension:prf: true, webauthn:virtualAuthenticators: true}
Session ID: a8604bb1c0c532e0afadf54c6d63fdf4
*** Element info: {Using=xpath, value=.//button[.//span[contains(text(), 'Payment Amount')]] | .//a[contains(text(), 'Payment Amount')] | //button//span[contains(.,'Payment Amount')] | .//a//span[contains(.,'Payment Amount')] | .//div//span[contains(.,'Payment Amount')]}</error><system-err>no such element: Unable to locate element: {"method":"xpath","selector":".//button[.//span[contains(text(), 'Payment Amount')]] | .//a[contains(text(), 'Payment Amount')] | //button//span[contains(.,'Payment Amount')] | .//a//span[contains(.,'Payment Amount')] | .//div//span[contains(.,'Payment Amount')]"}
  (Session info: chrome-headless-shell=125.0.6422.176)
For documentation on this error, please visit: https://www.seleniumhq.org/exceptions/no_such_element.html
Build info: version: '3.141.59', revision: 'e82be7d358', time: '2018-11-14T08:17:03'
System info: host: 'PCS15848', ip: '192.168.1.8', os.name: 'Windows 10', os.arch: 'amd64', os.version: '10.0', java.version: '1.8.0_392'
Driver info: org.openqa.selenium.chrome.ChromeDriver
Capabilities {acceptInsecureCerts: false, browserName: chrome-headless-shell, browserVersion: 125.0.6422.176, chrome: {chromedriverVersion: 125.0.6422.76 (67dcf7562b8f..., userDataDir: C:\Users\A734509\AppData\Lo...}, fedcm:accounts: true, goog:chromeOptions: {debuggerAddress: localhost:62450}, javascriptEnabled: true, networkConnectionEnabled: false, pageLoadStrategy: normal, platform: WINDOWS, platformName: WINDOWS, proxy: Proxy(), setWindowRect: true, strictFileInteractability: false, timeouts: {implicit: 0, pageLoad: 300000, script: 30000}, unhandledPromptBehavior: dismiss and notify, webauthn:extension:credBlob: true, webauthn:extension:largeBlob: true, webauthn:extension:minPinLength: true, webauthn:extension:prf: true, webauthn:virtualAuthenticators: true}
Session ID: a8604bb1c0c532e0afadf54c6d63fdf4
*** Element info: {Using=xpath, value=.//button[.//span[contains(text(), 'Payment Amount')]] | .//a[contains(text(), 'Payment Amount')] | //button//span[contains(.,'Payment Amount')] | .//a//span[contains(.,'Payment Amount')] | .//div//span[contains(.,'Payment Amount')]}&#13;
pageobjects.IRIS.FAD.GenericPage.scrollIntoView(GenericPage.java:315)&#13;
pageobjects.IRIS.FAD.GenericPage.clickElement(GenericPage.java:197)&#13;
pageobjects.IRIS.FAD.GenericPage.clickLabeledButton(GenericPage.java:289)&#13;
pageobjects.IRIS.FAD.ReviewVoucherEntriesPage.clickPaymentAmountBtn(ReviewVoucherEntriesPage.java:48)&#13;
steps.IRIS.FAD.EditVoucherAPEntriesSteps.when_I_click_Payment_Amount_button(EditVoucherAPEntriesSteps.java:26)&#13;
org.icrc.fadapplic.IRIS.FAD.AccountsPayable.ReviewAPEntries.clearEmployeeFieldForGLDistributionAndVoucherEntries(ReviewAPEntries.java:593)&#13;
</system-err></testcase><testcase classname="org.icrc.fadapplic.IRIS.FAD.AccountsPayable.ReviewAPEntries" name="Reversal of unposted PO redistribution"/><testcase classname="org.icrc.fadapplic.IRIS.FAD.AccountsPayable.ReviewAPEntries" name="Create voucher entry and edit"><error message="no such element: Unable to locate element: {&quot;method&quot;:&quot;xpath&quot;,&quot;selector&quot;:&quot;.//button[.//span[contains(text(), 'Payment Amount')]] | .//a[contains(text(), 'Payment Amount')] | //button//span[contains(.,'Payment Amount')] | .//a//span[contains(.,'Payment Amount')] | .//div//span[contains(.,'Payment Amount')]&quot;}&#10;  (Session info: chrome-headless-shell=125.0.6422.176)&#10;For documentation on this error, please visit: https://www.seleniumhq.org/exceptions/no_such_element.html&#10;Build info: version: '3.141.59', revision: 'e82be7d358', time: '2018-11-14T08:17:03'&#10;System info: host: 'PCS15848', ip: '192.168.1.8', os.name: 'Windows 10', os.arch: 'amd64', os.version: '10.0', java.version: '1.8.0_392'&#10;Driver info: org.openqa.selenium.chrome.ChromeDriver&#10;Capabilities {acceptInsecureCerts: false, browserName: chrome-headless-shell, browserVersion: 125.0.6422.176, chrome: {chromedriverVersion: 125.0.6422.76 (67dcf7562b8f..., userDataDir: C:\Users\A734509\AppData\Lo...}, fedcm:accounts: true, goog:chromeOptions: {debuggerAddress: localhost:62633}, javascriptEnabled: true, networkConnectionEnabled: false, pageLoadStrategy: normal, platform: WINDOWS, platformName: WINDOWS, proxy: Proxy(), setWindowRect: true, strictFileInteractability: false, timeouts: {implicit: 0, pageLoad: 300000, script: 30000}, unhandledPromptBehavior: dismiss and notify, webauthn:extension:credBlob: true, webauthn:extension:largeBlob: true, webauthn:extension:minPinLength: true, webauthn:extension:prf: true, webauthn:virtualAuthenticators: true}&#10;Session ID: 6e891d6ec67960b4d2944133b15fac6e&#10;*** Element info: {Using=xpath, value=.//button[.//span[contains(text(), 'Payment Amount')]] | .//a[contains(text(), 'Payment Amount')] | //button//span[contains(.,'Payment Amount')] | .//a//span[contains(.,'Payment Amount')] | .//div//span[contains(.,'Payment Amount')]}" type="org.openqa.selenium.NoSuchElementException">no such element: Unable to locate element: {"method":"xpath","selector":".//button[.//span[contains(text(), 'Payment Amount')]] | .//a[contains(text(), 'Payment Amount')] | //button//span[contains(.,'Payment Amount')] | .//a//span[contains(.,'Payment Amount')] | .//div//span[contains(.,'Payment Amount')]"}
  (Session info: chrome-headless-shell=125.0.6422.176)
For documentation on this error, please visit: https://www.seleniumhq.org/exceptions/no_such_element.html
Build info: version: '3.141.59', revision: 'e82be7d358', time: '2018-11-14T08:17:03'
System info: host: 'PCS15848', ip: '192.168.1.8', os.name: 'Windows 10', os.arch: 'amd64', os.version: '10.0', java.version: '1.8.0_392'
Driver info: org.openqa.selenium.chrome.ChromeDriver
Capabilities {acceptInsecureCerts: false, browserName: chrome-headless-shell, browserVersion: 125.0.6422.176, chrome: {chromedriverVersion: 125.0.6422.76 (67dcf7562b8f..., userDataDir: C:\Users\A734509\AppData\Lo...}, fedcm:accounts: true, goog:chromeOptions: {debuggerAddress: localhost:62633}, javascriptEnabled: true, networkConnectionEnabled: false, pageLoadStrategy: normal, platform: WINDOWS, platformName: WINDOWS, proxy: Proxy(), setWindowRect: true, strictFileInteractability: false, timeouts: {implicit: 0, pageLoad: 300000, script: 30000}, unhandledPromptBehavior: dismiss and notify, webauthn:extension:credBlob: true, webauthn:extension:largeBlob: true, webauthn:extension:minPinLength: true, webauthn:extension:prf: true, webauthn:virtualAuthenticators: true}
Session ID: 6e891d6ec67960b4d2944133b15fac6e
*** Element info: {Using=xpath, value=.//button[.//span[contains(text(), 'Payment Amount')]] | .//a[contains(text(), 'Payment Amount')] | //button//span[contains(.,'Payment Amount')] | .//a//span[contains(.,'Payment Amount')] | .//div//span[contains(.,'Payment Amount')]}</error><system-err>no such element: Unable to locate element: {"method":"xpath","selector":".//button[.//span[contains(text(), 'Payment Amount')]] | .//a[contains(text(), 'Payment Amount')] | //button//span[contains(.,'Payment Amount')] | .//a//span[contains(.,'Payment Amount')] | .//div//span[contains(.,'Payment Amount')]"}
  (Session info: chrome-headless-shell=125.0.6422.176)
For documentation on this error, please visit: https://www.seleniumhq.org/exceptions/no_such_element.html
Build info: version: '3.141.59', revision: 'e82be7d358', time: '2018-11-14T08:17:03'
System info: host: 'PCS15848', ip: '192.168.1.8', os.name: 'Windows 10', os.arch: 'amd64', os.version: '10.0', java.version: '1.8.0_392'
Driver info: org.openqa.selenium.chrome.ChromeDriver
Capabilities {acceptInsecureCerts: false, browserName: chrome-headless-shell, browserVersion: 125.0.6422.176, chrome: {chromedriverVersion: 125.0.6422.76 (67dcf7562b8f..., userDataDir: C:\Users\A734509\AppData\Lo...}, fedcm:accounts: true, goog:chromeOptions: {debuggerAddress: localhost:62633}, javascriptEnabled: true, networkConnectionEnabled: false, pageLoadStrategy: normal, platform: WINDOWS, platformName: WINDOWS, proxy: Proxy(), setWindowRect: true, strictFileInteractability: false, timeouts: {implicit: 0, pageLoad: 300000, script: 30000}, unhandledPromptBehavior: dismiss and notify, webauthn:extension:credBlob: true, webauthn:extension:largeBlob: true, webauthn:extension:minPinLength: true, webauthn:extension:prf: true, webauthn:virtualAuthenticators: true}
Session ID: 6e891d6ec67960b4d2944133b15fac6e
*** Element info: {Using=xpath, value=.//button[.//span[contains(text(), 'Payment Amount')]] | .//a[contains(text(), 'Payment Amount')] | //button//span[contains(.,'Payment Amount')] | .//a//span[contains(.,'Payment Amount')] | .//div//span[contains(.,'Payment Amount')]}&#13;
pageobjects.IRIS.FAD.GenericPage.scrollIntoView(GenericPage.java:315)&#13;
pageobjects.IRIS.FAD.GenericPage.clickElement(GenericPage.java:197)&#13;
pageobjects.IRIS.FAD.GenericPage.clickLabeledButton(GenericPage.java:289)&#13;
pageobjects.IRIS.FAD.ReviewVoucherEntriesPage.clickPaymentAmountBtn(ReviewVoucherEntriesPage.java:48)&#13;
steps.IRIS.FAD.EditVoucherAPEntriesSteps.when_I_click_Payment_Amount_button(EditVoucherAPEntriesSteps.java:26)&#13;
org.icrc.fadapplic.IRIS.FAD.AccountsPayable.ReviewAPEntries.createVoucherEntryAndEdit(ReviewAPEntries.java:1111)&#13;
</system-err></testcase><testcase classname="org.icrc.fadapplic.IRIS.FAD.AccountsPayable.ReviewAPEntries" name="Edit AP entries"><error message="no such element: Unable to locate element: {&quot;method&quot;:&quot;xpath&quot;,&quot;selector&quot;:&quot;.//button[.//span[contains(text(), 'Payment Amount')]] | .//a[contains(text(), 'Payment Amount')] | //button//span[contains(.,'Payment Amount')] | .//a//span[contains(.,'Payment Amount')] | .//div//span[contains(.,'Payment Amount')]&quot;}&#10;  (Session info: chrome-headless-shell=125.0.6422.176)&#10;For documentation on this error, please visit: https://www.seleniumhq.org/exceptions/no_such_element.html&#10;Build info: version: '3.141.59', revision: 'e82be7d358', time: '2018-11-14T08:17:03'&#10;System info: host: 'PCS15848', ip: '192.168.1.8', os.name: 'Windows 10', os.arch: 'amd64', os.version: '10.0', java.version: '1.8.0_392'&#10;Driver info: org.openqa.selenium.chrome.ChromeDriver&#10;Capabilities {acceptInsecureCerts: false, browserName: chrome-headless-shell, browserVersion: 125.0.6422.176, chrome: {chromedriverVersion: 125.0.6422.76 (67dcf7562b8f..., userDataDir: C:\Users\A734509\AppData\Lo...}, fedcm:accounts: true, goog:chromeOptions: {debuggerAddress: localhost:62727}, javascriptEnabled: true, networkConnectionEnabled: false, pageLoadStrategy: normal, platform: WINDOWS, platformName: WINDOWS, proxy: Proxy(), setWindowRect: true, strictFileInteractability: false, timeouts: {implicit: 0, pageLoad: 300000, script: 30000}, unhandledPromptBehavior: dismiss and notify, webauthn:extension:credBlob: true, webauthn:extension:largeBlob: true, webauthn:extension:minPinLength: true, webauthn:extension:prf: true, webauthn:virtualAuthenticators: true}&#10;Session ID: a74b340a26fa2f8b39addc2030e7115d&#10;*** Element info: {Using=xpath, value=.//button[.//span[contains(text(), 'Payment Amount')]] | .//a[contains(text(), 'Payment Amount')] | //button//span[contains(.,'Payment Amount')] | .//a//span[contains(.,'Payment Amount')] | .//div//span[contains(.,'Payment Amount')]}" type="org.openqa.selenium.NoSuchElementException">no such element: Unable to locate element: {"method":"xpath","selector":".//button[.//span[contains(text(), 'Payment Amount')]] | .//a[contains(text(), 'Payment Amount')] | //button//span[contains(.,'Payment Amount')] | .//a//span[contains(.,'Payment Amount')] | .//div//span[contains(.,'Payment Amount')]"}
  (Session info: chrome-headless-shell=125.0.6422.176)
For documentation on this error, please visit: https://www.seleniumhq.org/exceptions/no_such_element.html
Build info: version: '3.141.59', revision: 'e82be7d358', time: '2018-11-14T08:17:03'
System info: host: 'PCS15848', ip: '192.168.1.8', os.name: 'Windows 10', os.arch: 'amd64', os.version: '10.0', java.version: '1.8.0_392'
Driver info: org.openqa.selenium.chrome.ChromeDriver
Capabilities {acceptInsecureCerts: false, browserName: chrome-headless-shell, browserVersion: 125.0.6422.176, chrome: {chromedriverVersion: 125.0.6422.76 (67dcf7562b8f..., userDataDir: C:\Users\A734509\AppData\Lo...}, fedcm:accounts: true, goog:chromeOptions: {debuggerAddress: localhost:62727}, javascriptEnabled: true, networkConnectionEnabled: false, pageLoadStrategy: normal, platform: WINDOWS, platformName: WINDOWS, proxy: Proxy(), setWindowRect: true, strictFileInteractability: false, timeouts: {implicit: 0, pageLoad: 300000, script: 30000}, unhandledPromptBehavior: dismiss and notify, webauthn:extension:credBlob: true, webauthn:extension:largeBlob: true, webauthn:extension:minPinLength: true, webauthn:extension:prf: true, webauthn:virtualAuthenticators: true}
Session ID: a74b340a26fa2f8b39addc2030e7115d
*** Element info: {Using=xpath, value=.//button[.//span[contains(text(), 'Payment Amount')]] | .//a[contains(text(), 'Payment Amount')] | //button//span[contains(.,'Payment Amount')] | .//a//span[contains(.,'Payment Amount')] | .//div//span[contains(.,'Payment Amount')]}</error><system-err>no such element: Unable to locate element: {"method":"xpath","selector":".//button[.//span[contains(text(), 'Payment Amount')]] | .//a[contains(text(), 'Payment Amount')] | //button//span[contains(.,'Payment Amount')] | .//a//span[contains(.,'Payment Amount')] | .//div//span[contains(.,'Payment Amount')]"}
  (Session info: chrome-headless-shell=125.0.6422.176)
For documentation on this error, please visit: https://www.seleniumhq.org/exceptions/no_such_element.html
Build info: version: '3.141.59', revision: 'e82be7d358', time: '2018-11-14T08:17:03'
System info: host: 'PCS15848', ip: '192.168.1.8', os.name: 'Windows 10', os.arch: 'amd64', os.version: '10.0', java.version: '1.8.0_392'
Driver info: org.openqa.selenium.chrome.ChromeDriver
Capabilities {acceptInsecureCerts: false, browserName: chrome-headless-shell, browserVersion: 125.0.6422.176, chrome: {chromedriverVersion: 125.0.6422.76 (67dcf7562b8f..., userDataDir: C:\Users\A734509\AppData\Lo...}, fedcm:accounts: true, goog:chromeOptions: {debuggerAddress: localhost:62727}, javascriptEnabled: true, networkConnectionEnabled: false, pageLoadStrategy: normal, platform: WINDOWS, platformName: WINDOWS, proxy: Proxy(), setWindowRect: true, strictFileInteractability: false, timeouts: {implicit: 0, pageLoad: 300000, script: 30000}, unhandledPromptBehavior: dismiss and notify, webauthn:extension:credBlob: true, webauthn:extension:largeBlob: true, webauthn:extension:minPinLength: true, webauthn:extension:prf: true, webauthn:virtualAuthenticators: true}
Session ID: a74b340a26fa2f8b39addc2030e7115d
*** Element info: {Using=xpath, value=.//button[.//span[contains(text(), 'Payment Amount')]] | .//a[contains(text(), 'Payment Amount')] | //button//span[contains(.,'Payment Amount')] | .//a//span[contains(.,'Payment Amount')] | .//div//span[contains(.,'Payment Amount')]}&#13;
pageobjects.IRIS.FAD.GenericPage.scrollIntoView(GenericPage.java:315)&#13;
pageobjects.IRIS.FAD.GenericPage.clickElement(GenericPage.java:197)&#13;
pageobjects.IRIS.FAD.GenericPage.clickLabeledButton(GenericPage.java:289)&#13;
pageobjects.IRIS.FAD.ReviewVoucherEntriesPage.clickPaymentAmountBtn(ReviewVoucherEntriesPage.java:48)&#13;
steps.IRIS.FAD.EditVoucherAPEntriesSteps.when_I_click_Payment_Amount_button(EditVoucherAPEntriesSteps.java:26)&#13;
org.icrc.fadapplic.IRIS.FAD.AccountsPayable.ReviewAPEntries.editAPEntries(ReviewAPEntries.java:1745)&#13;
</system-err></testcase><testcase classname="org.icrc.fadapplic.IRIS.FAD.AccountsPayable.ReviewAPEntries" name="Review voucher AP entries"/><testcase classname="org.icrc.fadapplic.IRIS.FAD.AccountsPayable.ReviewAPEntries" name="Search payment"/><testcase classname="org.icrc.fadapplic.IRIS.FAD.AccountsPayable.ReviewAPEntries" name="Reversal of unposted voucher match"><error message="no such element: Unable to locate element: {&quot;method&quot;:&quot;xpath&quot;,&quot;selector&quot;:&quot;.//button[.//span[contains(text(), 'Validate')]] | .//a[contains(text(), 'Validate')] | //button//span[contains(.,'Validate')] | .//a//span[contains(.,'Validate')] | .//div//span[contains(.,'Validate')]&quot;}&#10;  (Session info: chrome-headless-shell=125.0.6422.176)&#10;For documentation on this error, please visit: https://www.seleniumhq.org/exceptions/no_such_element.html&#10;Build info: version: '3.141.59', revision: 'e82be7d358', time: '2018-11-14T08:17:03'&#10;System info: host: 'PCS15848', ip: '192.168.1.8', os.name: 'Windows 10', os.arch: 'amd64', os.version: '10.0', java.version: '1.8.0_392'&#10;Driver info: org.openqa.selenium.chrome.ChromeDriver&#10;Capabilities {acceptInsecureCerts: false, browserName: chrome-headless-shell, browserVersion: 125.0.6422.176, chrome: {chromedriverVersion: 125.0.6422.76 (67dcf7562b8f..., userDataDir: C:\Users\A734509\AppData\Lo...}, fedcm:accounts: true, goog:chromeOptions: {debuggerAddress: localhost:62898}, javascriptEnabled: true, networkConnectionEnabled: false, pageLoadStrategy: normal, platform: WINDOWS, platformName: WINDOWS, proxy: Proxy(), setWindowRect: true, strictFileInteractability: false, timeouts: {implicit: 0, pageLoad: 300000, script: 30000}, unhandledPromptBehavior: dismiss and notify, webauthn:extension:credBlob: true, webauthn:extension:largeBlob: true, webauthn:extension:minPinLength: true, webauthn:extension:prf: true, webauthn:virtualAuthenticators: true}&#10;Session ID: 66eef0f36b52c51432bca25eac87d0ca&#10;*** Element info: {Using=xpath, value=.//button[.//span[contains(text(), 'Validate')]] | .//a[contains(text(), 'Validate')] | //button//span[contains(.,'Validate')] | .//a//span[contains(.,'Validate')] | .//div//span[contains(.,'Validate')]}" type="org.openqa.selenium.NoSuchElementException">no such element: Unable to locate element: {"method":"xpath","selector":".//button[.//span[contains(text(), 'Validate')]] | .//a[contains(text(), 'Validate')] | //button//span[contains(.,'Validate')] | .//a//span[contains(.,'Validate')] | .//div//span[contains(.,'Validate')]"}
  (Session info: chrome-headless-shell=125.0.6422.176)
For documentation on this error, please visit: https://www.seleniumhq.org/exceptions/no_such_element.html
Build info: version: '3.141.59', revision: 'e82be7d358', time: '2018-11-14T08:17:03'
System info: host: 'PCS15848', ip: '192.168.1.8', os.name: 'Windows 10', os.arch: 'amd64', os.version: '10.0', java.version: '1.8.0_392'
Driver info: org.openqa.selenium.chrome.ChromeDriver
Capabilities {acceptInsecureCerts: false, browserName: chrome-headless-shell, browserVersion: 125.0.6422.176, chrome: {chromedriverVersion: 125.0.6422.76 (67dcf7562b8f..., userDataDir: C:\Users\A734509\AppData\Lo...}, fedcm:accounts: true, goog:chromeOptions: {debuggerAddress: localhost:62898}, javascriptEnabled: true, networkConnectionEnabled: false, pageLoadStrategy: normal, platform: WINDOWS, platformName: WINDOWS, proxy: Proxy(), setWindowRect: true, strictFileInteractability: false, timeouts: {implicit: 0, pageLoad: 300000, script: 30000}, unhandledPromptBehavior: dismiss and notify, webauthn:extension:credBlob: true, webauthn:extension:largeBlob: true, webauthn:extension:minPinLength: true, webauthn:extension:prf: true, webauthn:virtualAuthenticators: true}
Session ID: 66eef0f36b52c51432bca25eac87d0ca
*** Element info: {Using=xpath, value=.//button[.//span[contains(text(), 'Validate')]] | .//a[contains(text(), 'Validate')] | //button//span[contains(.,'Validate')] | .//a//span[contains(.,'Validate')] | .//div//span[contains(.,'Validate')]}</error><system-err>no such element: Unable to locate element: {"method":"xpath","selector":".//button[.//span[contains(text(), 'Validate')]] | .//a[contains(text(), 'Validate')] | //button//span[contains(.,'Validate')] | .//a//span[contains(.,'Validate')] | .//div//span[contains(.,'Validate')]"}
  (Session info: chrome-headless-shell=125.0.6422.176)
For documentation on this error, please visit: https://www.seleniumhq.org/exceptions/no_such_element.html
Build info: version: '3.141.59', revision: 'e82be7d358', time: '2018-11-14T08:17:03'
System info: host: 'PCS15848', ip: '192.168.1.8', os.name: 'Windows 10', os.arch: 'amd64', os.version: '10.0', java.version: '1.8.0_392'
Driver info: org.openqa.selenium.chrome.ChromeDriver
Capabilities {acceptInsecureCerts: false, browserName: chrome-headless-shell, browserVersion: 125.0.6422.176, chrome: {chromedriverVersion: 125.0.6422.76 (67dcf7562b8f..., userDataDir: C:\Users\A734509\AppData\Lo...}, fedcm:accounts: true, goog:chromeOptions: {debuggerAddress: localhost:62898}, javascriptEnabled: true, networkConnectionEnabled: false, pageLoadStrategy: normal, platform: WINDOWS, platformName: WINDOWS, proxy: Proxy(), setWindowRect: true, strictFileInteractability: false, timeouts: {implicit: 0, pageLoad: 300000, script: 30000}, unhandledPromptBehavior: dismiss and notify, webauthn:extension:credBlob: true, webauthn:extension:largeBlob: true, webauthn:extension:minPinLength: true, webauthn:extension:prf: true, webauthn:virtualAuthenticators: true}
Session ID: 66eef0f36b52c51432bca25eac87d0ca
*** Element info: {Using=xpath, value=.//button[.//span[contains(text(), 'Validate')]] | .//a[contains(text(), 'Validate')] | //button//span[contains(.,'Validate')] | .//a//span[contains(.,'Validate')] | .//div//span[contains(.,'Validate')]}&#13;
pageobjects.IRIS.FAD.GenericPage.scrollIntoView(GenericPage.java:315)&#13;
pageobjects.IRIS.FAD.GenericPage.clickElement(GenericPage.java:197)&#13;
pageobjects.IRIS.FAD.GenericPage.clickLabeledButton(GenericPage.java:289)&#13;
pageobjects.IRIS.FAD.VoucherMatchPage.clickOnValidateBtn(VoucherMatchPage.java:97)&#13;
steps.IRIS.FAD.VoucherMatchSteps.when_I_click_on_Validate_button(VoucherMatchSteps.java:109)&#13;
org.icrc.fadapplic.IRIS.FAD.AccountsPayable.ReviewAPEntries.reversalOfUnpostedVoucherMatch(ReviewAPEntries.java:759)&#13;
</system-err></testcase><testcase classname="org.icrc.fadapplic.IRIS.FAD.AccountsPayable.ReviewAPEntries" name="Check edit button for voucher entry and redistribute GL"><failure message="expected:&lt;[Payment Information]&gt; but was:&lt;[118173 - Finejet Africa Holdings Limited - FIN01SS]&gt;" type="org.junit.ComparisonFailure">expected:&lt;[Payment Information]&gt; but was:&lt;[118173 - Finejet Africa Holdings Limited - FIN01SS]&gt;</failure><system-err>expected:&lt;[Payment Information]&gt; but was:&lt;[118173 - Finejet Africa Holdings Limited - FIN01SS]&gt;&#13;
steps.IRIS.FAD.VoucherEntrySteps.then_the_Payment_Information_form_and_its_contents_should_show_up(VoucherEntrySteps.java:32)&#13;
org.icrc.fadapplic.IRIS.FAD.AccountsPayable.ReviewAPEntries.checkEditButtonForVoucherEntryAndRedistributeGL(ReviewAPEntries.java:304)&#13;
</system-err></testcase><testcase classname="org.icrc.fadapplic.IRIS.FAD.AccountsPayable.ReviewAPEntries" name="Print payment form"><failure type="java.lang.AssertionError"/><system-err>null&#13;
steps.IRIS.FAD.ReviewPaymentsAPEntriesSteps.then_the_file_should_be_downloaded(ReviewPaymentsAPEntriesSteps.java:86)&#13;
org.icrc.fadapplic.IRIS.FAD.AccountsPayable.ReviewAPEntries.printPaymentForm(ReviewAPEntries.java:1478)&#13;
</system-err></testcase><testcase classname="org.icrc.fadapplic.IRIS.FAD.AccountsPayable.ReviewAPEntries" name="Edit voucher entry line account number"><error message="no such element: Unable to locate element: {&quot;method&quot;:&quot;xpath&quot;,&quot;selector&quot;:&quot;.//button[.//span[contains(text(), 'Payment Amount')]] | .//a[contains(text(), 'Payment Amount')] | //button//span[contains(.,'Payment Amount')] | .//a//span[contains(.,'Payment Amount')] | .//div//span[contains(.,'Payment Amount')]&quot;}&#10;  (Session info: chrome-headless-shell=125.0.6422.176)&#10;For documentation on this error, please visit: https://www.seleniumhq.org/exceptions/no_such_element.html&#10;Build info: version: '3.141.59', revision: 'e82be7d358', time: '2018-11-14T08:17:03'&#10;System info: host: 'PCS15848', ip: '192.168.1.8', os.name: 'Windows 10', os.arch: 'amd64', os.version: '10.0', java.version: '1.8.0_392'&#10;Driver info: org.openqa.selenium.chrome.ChromeDriver&#10;Capabilities {acceptInsecureCerts: false, browserName: chrome-headless-shell, browserVersion: 125.0.6422.176, chrome: {chromedriverVersion: 125.0.6422.76 (67dcf7562b8f..., userDataDir: C:\Users\A734509\AppData\Lo...}, fedcm:accounts: true, goog:chromeOptions: {debuggerAddress: localhost:63062}, javascriptEnabled: true, networkConnectionEnabled: false, pageLoadStrategy: normal, platform: WINDOWS, platformName: WINDOWS, proxy: Proxy(), setWindowRect: true, strictFileInteractability: false, timeouts: {implicit: 0, pageLoad: 300000, script: 30000}, unhandledPromptBehavior: dismiss and notify, webauthn:extension:credBlob: true, webauthn:extension:largeBlob: true, webauthn:extension:minPinLength: true, webauthn:extension:prf: true, webauthn:virtualAuthenticators: true}&#10;Session ID: 1cd8fa6b762b4d90ba46296940c4810f&#10;*** Element info: {Using=xpath, value=.//button[.//span[contains(text(), 'Payment Amount')]] | .//a[contains(text(), 'Payment Amount')] | //button//span[contains(.,'Payment Amount')] | .//a//span[contains(.,'Payment Amount')] | .//div//span[contains(.,'Payment Amount')]}" type="org.openqa.selenium.NoSuchElementException">no such element: Unable to locate element: {"method":"xpath","selector":".//button[.//span[contains(text(), 'Payment Amount')]] | .//a[contains(text(), 'Payment Amount')] | //button//span[contains(.,'Payment Amount')] | .//a//span[contains(.,'Payment Amount')] | .//div//span[contains(.,'Payment Amount')]"}
  (Session info: chrome-headless-shell=125.0.6422.176)
For documentation on this error, please visit: https://www.seleniumhq.org/exceptions/no_such_element.html
Build info: version: '3.141.59', revision: 'e82be7d358', time: '2018-11-14T08:17:03'
System info: host: 'PCS15848', ip: '192.168.1.8', os.name: 'Windows 10', os.arch: 'amd64', os.version: '10.0', java.version: '1.8.0_392'
Driver info: org.openqa.selenium.chrome.ChromeDriver
Capabilities {acceptInsecureCerts: false, browserName: chrome-headless-shell, browserVersion: 125.0.6422.176, chrome: {chromedriverVersion: 125.0.6422.76 (67dcf7562b8f..., userDataDir: C:\Users\A734509\AppData\Lo...}, fedcm:accounts: true, goog:chromeOptions: {debuggerAddress: localhost:63062}, javascriptEnabled: true, networkConnectionEnabled: false, pageLoadStrategy: normal, platform: WINDOWS, platformName: WINDOWS, proxy: Proxy(), setWindowRect: true, strictFileInteractability: false, timeouts: {implicit: 0, pageLoad: 300000, script: 30000}, unhandledPromptBehavior: dismiss and notify, webauthn:extension:credBlob: true, webauthn:extension:largeBlob: true, webauthn:extension:minPinLength: true, webauthn:extension:prf: true, webauthn:virtualAuthenticators: true}
Session ID: 1cd8fa6b762b4d90ba46296940c4810f
*** Element info: {Using=xpath, value=.//button[.//span[contains(text(), 'Payment Amount')]] | .//a[contains(text(), 'Payment Amount')] | //button//span[contains(.,'Payment Amount')] | .//a//span[contains(.,'Payment Amount')] | .//div//span[contains(.,'Payment Amount')]}</error><system-err>no such element: Unable to locate element: {"method":"xpath","selector":".//button[.//span[contains(text(), 'Payment Amount')]] | .//a[contains(text(), 'Payment Amount')] | //button//span[contains(.,'Payment Amount')] | .//a//span[contains(.,'Payment Amount')] | .//div//span[contains(.,'Payment Amount')]"}
  (Session info: chrome-headless-shell=125.0.6422.176)
For documentation on this error, please visit: https://www.seleniumhq.org/exceptions/no_such_element.html
Build info: version: '3.141.59', revision: 'e82be7d358', time: '2018-11-14T08:17:03'
System info: host: 'PCS15848', ip: '192.168.1.8', os.name: 'Windows 10', os.arch: 'amd64', os.version: '10.0', java.version: '1.8.0_392'
Driver info: org.openqa.selenium.chrome.ChromeDriver
Capabilities {acceptInsecureCerts: false, browserName: chrome-headless-shell, browserVersion: 125.0.6422.176, chrome: {chromedriverVersion: 125.0.6422.76 (67dcf7562b8f..., userDataDir: C:\Users\A734509\AppData\Lo...}, fedcm:accounts: true, goog:chromeOptions: {debuggerAddress: localhost:63062}, javascriptEnabled: true, networkConnectionEnabled: false, pageLoadStrategy: normal, platform: WINDOWS, platformName: WINDOWS, proxy: Proxy(), setWindowRect: true, strictFileInteractability: false, timeouts: {implicit: 0, pageLoad: 300000, script: 30000}, unhandledPromptBehavior: dismiss and notify, webauthn:extension:credBlob: true, webauthn:extension:largeBlob: true, webauthn:extension:minPinLength: true, webauthn:extension:prf: true, webauthn:virtualAuthenticators: true}
Session ID: 1cd8fa6b762b4d90ba46296940c4810f
*** Element info: {Using=xpath, value=.//button[.//span[contains(text(), 'Payment Amount')]] | .//a[contains(text(), 'Payment Amount')] | //button//span[contains(.,'Payment Amount')] | .//a//span[contains(.,'Payment Amount')] | .//div//span[contains(.,'Payment Amount')]}&#13;
pageobjects.IRIS.FAD.GenericPage.scrollIntoView(GenericPage.java:315)&#13;
pageobjects.IRIS.FAD.GenericPage.clickElement(GenericPage.java:197)&#13;
pageobjects.IRIS.FAD.GenericPage.clickLabeledButton(GenericPage.java:289)&#13;
pageobjects.IRIS.FAD.ReviewVoucherEntriesPage.clickPaymentAmountBtn(ReviewVoucherEntriesPage.java:48)&#13;
steps.IRIS.FAD.EditVoucherAPEntriesSteps.when_I_click_Payment_Amount_button(EditVoucherAPEntriesSteps.java:26)&#13;
org.icrc.fadapplic.IRIS.FAD.AccountsPayable.ReviewAPEntries.editVoucherEntryLineAccountNumber(ReviewAPEntries.java:161)&#13;
</system-err></testcase><testcase classname="org.icrc.fadapplic.IRIS.FAD.AccountsPayable.ReviewAPEntries" name="Payment information"/><testcase classname="org.icrc.fadapplic.IRIS.FAD.AccountsPayable.ReviewAPEntries" name="Delete voucher AP entry"><error message="Expected condition failed: waiting for visibility of all elements located by By.xpath:   //div//table[contains(@class,'table')]//tbody//tr[contains(@class, 'table')][1]//td[6]//div[@class='form-item']//div[contains(@class, 'Select-option')] (tried for 120 second(s) with 100 milliseconds interval)&#10;Build info: version: '3.141.59', revision: 'e82be7d358', time: '2018-11-14T08:17:03'&#10;System info: host: 'PCS15848', ip: '192.168.1.8', os.name: 'Windows 10', os.arch: 'amd64', os.version: '10.0', java.version: '1.8.0_392'&#10;Driver info: net.thucydides.core.webdriver.WebDriverFacade" type="org.openqa.selenium.TimeoutException">Expected condition failed: waiting for visibility of all elements located by By.xpath:   //div//table[contains(@class,'table')]//tbody//tr[contains(@class, 'table')][1]//td[6]//div[@class='form-item']//div[contains(@class, 'Select-option')] (tried for 120 second(s) with 100 milliseconds interval)
Build info: version: '3.141.59', revision: 'e82be7d358', time: '2018-11-14T08:17:03'
System info: host: 'PCS15848', ip: '192.168.1.8', os.name: 'Windows 10', os.arch: 'amd64', os.version: '10.0', java.version: '1.8.0_392'
Driver info: net.thucydides.core.webdriver.WebDriverFacade</error><system-err>Expected condition failed: waiting for visibility of all elements located by By.xpath:   //div//table[contains(@class,'table')]//tbody//tr[contains(@class, 'table')][1]//td[6]//div[@class='form-item']//div[contains(@class, 'Select-option')] (tried for 120 second(s) with 100 milliseconds interval)
Build info: version: '3.141.59', revision: 'e82be7d358', time: '2018-11-14T08:17:03'
System info: host: 'PCS15848', ip: '192.168.1.8', os.name: 'Windows 10', os.arch: 'amd64', os.version: '10.0', java.version: '1.8.0_392'
Driver info: net.thucydides.core.webdriver.WebDriverFacade&#13;
utils.ExplicitWait.explicitlyWaitForVisibilityOfAllElements(ExplicitWait.java:94)&#13;
pageobjects.IRIS.FAD.FADGenericPage.selectDropdownOption(FADGenericPage.java:80)&#13;
pageobjects.IRIS.FAD.FADGenericPage.selectDropdownOption(FADGenericPage.java:116)&#13;
pageobjects.IRIS.FAD.FADGenericPage.typeAndSelectDropdownOption(FADGenericPage.java:141)&#13;
pageobjects.IRIS.FAD.FADGenericPage.setDropDownValueFromTable(FADGenericPage.java:316)&#13;
pageobjects.IRIS.FAD.FADGenericPage.setDropDownValueFromTable(FADGenericPage.java:312)&#13;
pageobjects.IRIS.FAD.VoucherEntryPage.setVoucherCostCenter(VoucherEntryPage.java:96)&#13;
steps.IRIS.FAD.VoucherEntrySteps.when_I_set_Cost_Center(VoucherEntrySteps.java:142)&#13;
org.icrc.fadapplic.IRIS.FAD.AccountsPayable.ReviewAPEntries.deleteVoucherAPEntry(ReviewAPEntries.java:1588)&#13;
</system-err></testcase><testcase classname="org.icrc.fadapplic.IRIS.FAD.AccountsPayable.ReviewAPEntries" name="Create voucher entry and test filter selection"/><testcase classname="org.icrc.fadapplic.IRIS.FAD.AccountsPayable.ReviewAPEntries" name="Create voucher entry review and delete"><error message="no such element: Unable to locate element: {&quot;method&quot;:&quot;xpath&quot;,&quot;selector&quot;:&quot;.//button[.//span[contains(text(), 'Payment Amount')]] | .//a[contains(text(), 'Payment Amount')] | //button//span[contains(.,'Payment Amount')] | .//a//span[contains(.,'Payment Amount')] | .//div//span[contains(.,'Payment Amount')]&quot;}&#10;  (Session info: chrome-headless-shell=125.0.6422.176)&#10;For documentation on this error, please visit: https://www.seleniumhq.org/exceptions/no_such_element.html&#10;Build info: version: '3.141.59', revision: 'e82be7d358', time: '2018-11-14T08:17:03'&#10;System info: host: 'PCS15848', ip: '192.168.1.8', os.name: 'Windows 10', os.arch: 'amd64', os.version: '10.0', java.version: '1.8.0_392'&#10;Driver info: org.openqa.selenium.chrome.ChromeDriver&#10;Capabilities {acceptInsecureCerts: false, browserName: chrome-headless-shell, browserVersion: 125.0.6422.176, chrome: {chromedriverVersion: 125.0.6422.76 (67dcf7562b8f..., userDataDir: C:\Users\A734509\AppData\Lo...}, fedcm:accounts: true, goog:chromeOptions: {debuggerAddress: localhost:50302}, javascriptEnabled: true, networkConnectionEnabled: false, pageLoadStrategy: normal, platform: WINDOWS, platformName: WINDOWS, proxy: Proxy(), setWindowRect: true, strictFileInteractability: false, timeouts: {implicit: 0, pageLoad: 300000, script: 30000}, unhandledPromptBehavior: dismiss and notify, webauthn:extension:credBlob: true, webauthn:extension:largeBlob: true, webauthn:extension:minPinLength: true, webauthn:extension:prf: true, webauthn:virtualAuthenticators: true}&#10;Session ID: eed9c5d2a0e0752a8354f676fe78051f&#10;*** Element info: {Using=xpath, value=.//button[.//span[contains(text(), 'Payment Amount')]] | .//a[contains(text(), 'Payment Amount')] | //button//span[contains(.,'Payment Amount')] | .//a//span[contains(.,'Payment Amount')] | .//div//span[contains(.,'Payment Amount')]}" type="org.openqa.selenium.NoSuchElementException">no such element: Unable to locate element: {"method":"xpath","selector":".//button[.//span[contains(text(), 'Payment Amount')]] | .//a[contains(text(), 'Payment Amount')] | //button//span[contains(.,'Payment Amount')] | .//a//span[contains(.,'Payment Amount')] | .//div//span[contains(.,'Payment Amount')]"}
  (Session info: chrome-headless-shell=125.0.6422.176)
For documentation on this error, please visit: https://www.seleniumhq.org/exceptions/no_such_element.html
Build info: version: '3.141.59', revision: 'e82be7d358', time: '2018-11-14T08:17:03'
System info: host: 'PCS15848', ip: '192.168.1.8', os.name: 'Windows 10', os.arch: 'amd64', os.version: '10.0', java.version: '1.8.0_392'
Driver info: org.openqa.selenium.chrome.ChromeDriver
Capabilities {acceptInsecureCerts: false, browserName: chrome-headless-shell, browserVersion: 125.0.6422.176, chrome: {chromedriverVersion: 125.0.6422.76 (67dcf7562b8f..., userDataDir: C:\Users\A734509\AppData\Lo...}, fedcm:accounts: true, goog:chromeOptions: {debuggerAddress: localhost:50302}, javascriptEnabled: true, networkConnectionEnabled: false, pageLoadStrategy: normal, platform: WINDOWS, platformName: WINDOWS, proxy: Proxy(), setWindowRect: true, strictFileInteractability: false, timeouts: {implicit: 0, pageLoad: 300000, script: 30000}, unhandledPromptBehavior: dismiss and notify, webauthn:extension:credBlob: true, webauthn:extension:largeBlob: true, webauthn:extension:minPinLength: true, webauthn:extension:prf: true, webauthn:virtualAuthenticators: true}
Session ID: eed9c5d2a0e0752a8354f676fe78051f
*** Element info: {Using=xpath, value=.//button[.//span[contains(text(), 'Payment Amount')]] | .//a[contains(text(), 'Payment Amount')] | //button//span[contains(.,'Payment Amount')] | .//a//span[contains(.,'Payment Amount')] | .//div//span[contains(.,'Payment Amount')]}</error><system-err>no such element: Unable to locate element: {"method":"xpath","selector":".//button[.//span[contains(text(), 'Payment Amount')]] | .//a[contains(text(), 'Payment Amount')] | //button//span[contains(.,'Payment Amount')] | .//a//span[contains(.,'Payment Amount')] | .//div//span[contains(.,'Payment Amount')]"}
  (Session info: chrome-headless-shell=125.0.6422.176)
For documentation on this error, please visit: https://www.seleniumhq.org/exceptions/no_such_element.html
Build info: version: '3.141.59', revision: 'e82be7d358', time: '2018-11-14T08:17:03'
System info: host: 'PCS15848', ip: '192.168.1.8', os.name: 'Windows 10', os.arch: 'amd64', os.version: '10.0', java.version: '1.8.0_392'
Driver info: org.openqa.selenium.chrome.ChromeDriver
Capabilities {acceptInsecureCerts: false, browserName: chrome-headless-shell, browserVersion: 125.0.6422.176, chrome: {chromedriverVersion: 125.0.6422.76 (67dcf7562b8f..., userDataDir: C:\Users\A734509\AppData\Lo...}, fedcm:accounts: true, goog:chromeOptions: {debuggerAddress: localhost:50302}, javascriptEnabled: true, networkConnectionEnabled: false, pageLoadStrategy: normal, platform: WINDOWS, platformName: WINDOWS, proxy: Proxy(), setWindowRect: true, strictFileInteractability: false, timeouts: {implicit: 0, pageLoad: 300000, script: 30000}, unhandledPromptBehavior: dismiss and notify, webauthn:extension:credBlob: true, webauthn:extension:largeBlob: true, webauthn:extension:minPinLength: true, webauthn:extension:prf: true, webauthn:virtualAuthenticators: true}
Session ID: eed9c5d2a0e0752a8354f676fe78051f
*** Element info: {Using=xpath, value=.//button[.//span[contains(text(), 'Payment Amount')]] | .//a[contains(text(), 'Payment Amount')] | //button//span[contains(.,'Payment Amount')] | .//a//span[contains(.,'Payment Amount')] | .//div//span[contains(.,'Payment Amount')]}&#13;
pageobjects.IRIS.FAD.GenericPage.scrollIntoView(GenericPage.java:315)&#13;
pageobjects.IRIS.FAD.GenericPage.clickElement(GenericPage.java:197)&#13;
pageobjects.IRIS.FAD.GenericPage.clickLabeledButton(GenericPage.java:289)&#13;
pageobjects.IRIS.FAD.ReviewVoucherEntriesPage.clickPaymentAmountBtn(ReviewVoucherEntriesPage.java:48)&#13;
steps.IRIS.FAD.EditVoucherAPEntriesSteps.when_I_click_Payment_Amount_button(EditVoucherAPEntriesSteps.java:26)&#13;
org.icrc.fadapplic.IRIS.FAD.AccountsPayable.ReviewAPEntries.createVoucherEntryReviewAndDelete(ReviewAPEntries.java:1260)&#13;
</system-err></testcase></testsuite>