<?xml version="1.0" encoding="UTF-8"?><testsuite errors="8" failures="1" name="org.icrc.fadapplic.IRIS.FAD.AccountsPayable.ReviewAPEntries" skipped="0" tests="16" time="2233.54" timestamp="2024-06-14 10:53:08"><testcase classname="org.icrc.fadapplic.IRIS.FAD.AccountsPayable.ReviewAPEntries" name="Edit voucher entries delete a line"><error message="no such element: Unable to locate element: {&quot;method&quot;:&quot;xpath&quot;,&quot;selector&quot;:&quot;.//button[.//span[contains(text(), 'Payment Amount')]] | .//a[contains(text(), 'Payment Amount')] | //button//span[contains(.,'Payment Amount')] | .//a//span[contains(.,'Payment Amount')] | .//div//span[contains(.,'Payment Amount')]&quot;}&#10;  (Session info: chrome-headless-shell=125.0.6422.144)&#10;For documentation on this error, please visit: https://www.seleniumhq.org/exceptions/no_such_element.html&#10;Build info: version: '3.141.59', revision: 'e82be7d358', time: '2018-11-14T08:17:03'&#10;System info: host: 'PCS15848', ip: '192.168.1.8', os.name: 'Windows 10', os.arch: 'amd64', os.version: '10.0', java.version: '1.8.0_392'&#10;Driver info: org.openqa.selenium.chrome.ChromeDriver&#10;Capabilities {acceptInsecureCerts: false, browserName: chrome-headless-shell, browserVersion: 125.0.6422.144, chrome: {chromedriverVersion: 125.0.6422.76 (67dcf7562b8f..., userDataDir: C:\Users\A734509\AppData\Lo...}, fedcm:accounts: true, goog:chromeOptions: {debuggerAddress: localhost:57008}, javascriptEnabled: true, networkConnectionEnabled: false, pageLoadStrategy: normal, platform: WINDOWS, platformName: WINDOWS, proxy: Proxy(), setWindowRect: true, strictFileInteractability: false, timeouts: {implicit: 0, pageLoad: 300000, script: 30000}, unhandledPromptBehavior: dismiss and notify, webauthn:extension:credBlob: true, webauthn:extension:largeBlob: true, webauthn:extension:minPinLength: true, webauthn:extension:prf: true, webauthn:virtualAuthenticators: true}&#10;Session ID: f3d1483e4865c92c1c45cb4e1e5dd601&#10;*** Element info: {Using=xpath, value=.//button[.//span[contains(text(), 'Payment Amount')]] | .//a[contains(text(), 'Payment Amount')] | //button//span[contains(.,'Payment Amount')] | .//a//span[contains(.,'Payment Amount')] | .//div//span[contains(.,'Payment Amount')]}" type="org.openqa.selenium.NoSuchElementException">no such element: Unable to locate element: {"method":"xpath","selector":".//button[.//span[contains(text(), 'Payment Amount')]] | .//a[contains(text(), 'Payment Amount')] | //button//span[contains(.,'Payment Amount')] | .//a//span[contains(.,'Payment Amount')] | .//div//span[contains(.,'Payment Amount')]"}
  (Session info: chrome-headless-shell=125.0.6422.144)
For documentation on this error, please visit: https://www.seleniumhq.org/exceptions/no_such_element.html
Build info: version: '3.141.59', revision: 'e82be7d358', time: '2018-11-14T08:17:03'
System info: host: 'PCS15848', ip: '192.168.1.8', os.name: 'Windows 10', os.arch: 'amd64', os.version: '10.0', java.version: '1.8.0_392'
Driver info: org.openqa.selenium.chrome.ChromeDriver
Capabilities {acceptInsecureCerts: false, browserName: chrome-headless-shell, browserVersion: 125.0.6422.144, chrome: {chromedriverVersion: 125.0.6422.76 (67dcf7562b8f..., userDataDir: C:\Users\A734509\AppData\Lo...}, fedcm:accounts: true, goog:chromeOptions: {debuggerAddress: localhost:57008}, javascriptEnabled: true, networkConnectionEnabled: false, pageLoadStrategy: normal, platform: WINDOWS, platformName: WINDOWS, proxy: Proxy(), setWindowRect: true, strictFileInteractability: false, timeouts: {implicit: 0, pageLoad: 300000, script: 30000}, unhandledPromptBehavior: dismiss and notify, webauthn:extension:credBlob: true, webauthn:extension:largeBlob: true, webauthn:extension:minPinLength: true, webauthn:extension:prf: true, webauthn:virtualAuthenticators: true}
Session ID: f3d1483e4865c92c1c45cb4e1e5dd601
*** Element info: {Using=xpath, value=.//button[.//span[contains(text(), 'Payment Amount')]] | .//a[contains(text(), 'Payment Amount')] | //button//span[contains(.,'Payment Amount')] | .//a//span[contains(.,'Payment Amount')] | .//div//span[contains(.,'Payment Amount')]}</error><system-err>no such element: Unable to locate element: {"method":"xpath","selector":".//button[.//span[contains(text(), 'Payment Amount')]] | .//a[contains(text(), 'Payment Amount')] | //button//span[contains(.,'Payment Amount')] | .//a//span[contains(.,'Payment Amount')] | .//div//span[contains(.,'Payment Amount')]"}
  (Session info: chrome-headless-shell=125.0.6422.144)
For documentation on this error, please visit: https://www.seleniumhq.org/exceptions/no_such_element.html
Build info: version: '3.141.59', revision: 'e82be7d358', time: '2018-11-14T08:17:03'
System info: host: 'PCS15848', ip: '192.168.1.8', os.name: 'Windows 10', os.arch: 'amd64', os.version: '10.0', java.version: '1.8.0_392'
Driver info: org.openqa.selenium.chrome.ChromeDriver
Capabilities {acceptInsecureCerts: false, browserName: chrome-headless-shell, browserVersion: 125.0.6422.144, chrome: {chromedriverVersion: 125.0.6422.76 (67dcf7562b8f..., userDataDir: C:\Users\A734509\AppData\Lo...}, fedcm:accounts: true, goog:chromeOptions: {debuggerAddress: localhost:57008}, javascriptEnabled: true, networkConnectionEnabled: false, pageLoadStrategy: normal, platform: WINDOWS, platformName: WINDOWS, proxy: Proxy(), setWindowRect: true, strictFileInteractability: false, timeouts: {implicit: 0, pageLoad: 300000, script: 30000}, unhandledPromptBehavior: dismiss and notify, webauthn:extension:credBlob: true, webauthn:extension:largeBlob: true, webauthn:extension:minPinLength: true, webauthn:extension:prf: true, webauthn:virtualAuthenticators: true}
Session ID: f3d1483e4865c92c1c45cb4e1e5dd601
*** Element info: {Using=xpath, value=.//button[.//span[contains(text(), 'Payment Amount')]] | .//a[contains(text(), 'Payment Amount')] | //button//span[contains(.,'Payment Amount')] | .//a//span[contains(.,'Payment Amount')] | .//div//span[contains(.,'Payment Amount')]}&#13;
pageobjects.IRIS.FAD.GenericPage.scrollIntoView(GenericPage.java:315)&#13;
pageobjects.IRIS.FAD.GenericPage.clickElement(GenericPage.java:197)&#13;
pageobjects.IRIS.FAD.GenericPage.clickLabeledButton(GenericPage.java:289)&#13;
pageobjects.IRIS.FAD.ReviewVoucherEntriesPage.clickPaymentAmountBtn(ReviewVoucherEntriesPage.java:48)&#13;
steps.IRIS.FAD.EditVoucherAPEntriesSteps.when_I_click_Payment_Amount_button(EditVoucherAPEntriesSteps.java:26)&#13;
org.icrc.fadapplic.IRIS.FAD.AccountsPayable.ReviewAPEntries.editVoucherEntriesDeleteALine(ReviewAPEntries.java:456)&#13;
</system-err></testcase><testcase classname="org.icrc.fadapplic.IRIS.FAD.AccountsPayable.ReviewAPEntries" name="Create manual payment and delete unposted payment"><error message="Expected condition failed: waiting for visibility of element located by By.xpath: //div[contains(@class, 'modal') and contains(@style, 'left: 0px')]//h3 (tried for 20 second(s) with 100 milliseconds interval)" type="org.openqa.selenium.TimeoutException">Expected condition failed: waiting for visibility of element located by By.xpath: //div[contains(@class, 'modal') and contains(@style, 'left: 0px')]//h3 (tried for 20 second(s) with 100 milliseconds interval)</error><system-err>Expected condition failed: waiting for visibility of element located by By.xpath: //div[contains(@class, 'modal') and contains(@style, 'left: 0px')]//h3 (tried for 20 second(s) with 100 milliseconds interval)&#13;
utils.ExplicitWait.explicitlyWaitForVisibilityOfElement(ExplicitWait.java:30)&#13;
pageobjects.IRIS.FAD.FADModalPage.getModalTitle(FADModalPage.java:21)&#13;
steps.IRIS.FAD.ManualPaymentSteps.then_the_Manual_Payment_Successfully_Created_modal_should_show_up(ManualPaymentSteps.java:96)&#13;
steps.IRIS.FAD.ManualPaymentSteps.then_the_Manual_Payment_Successfully_Created_modal_and_its_contents_should_show_up(ManualPaymentSteps.java:87)&#13;
org.icrc.fadapplic.IRIS.FAD.AccountsPayable.ReviewAPEntries.createManualPaymentAndDeleteUnpostedPayment(ReviewAPEntries.java:1421)&#13;
</system-err></testcase><testcase classname="org.icrc.fadapplic.IRIS.FAD.AccountsPayable.ReviewAPEntries" name="Clear employee field for GL distribution and voucher entries"><error message="no such element: Unable to locate element: {&quot;method&quot;:&quot;xpath&quot;,&quot;selector&quot;:&quot;.//button[.//span[contains(text(), 'Payment Amount')]] | .//a[contains(text(), 'Payment Amount')] | //button//span[contains(.,'Payment Amount')] | .//a//span[contains(.,'Payment Amount')] | .//div//span[contains(.,'Payment Amount')]&quot;}&#10;  (Session info: chrome-headless-shell=125.0.6422.144)&#10;For documentation on this error, please visit: https://www.seleniumhq.org/exceptions/no_such_element.html&#10;Build info: version: '3.141.59', revision: 'e82be7d358', time: '2018-11-14T08:17:03'&#10;System info: host: 'PCS15848', ip: '192.168.1.8', os.name: 'Windows 10', os.arch: 'amd64', os.version: '10.0', java.version: '1.8.0_392'&#10;Driver info: org.openqa.selenium.chrome.ChromeDriver&#10;Capabilities {acceptInsecureCerts: false, browserName: chrome-headless-shell, browserVersion: 125.0.6422.144, chrome: {chromedriverVersion: 125.0.6422.76 (67dcf7562b8f..., userDataDir: C:\Users\A734509\AppData\Lo...}, fedcm:accounts: true, goog:chromeOptions: {debuggerAddress: localhost:61621}, javascriptEnabled: true, networkConnectionEnabled: false, pageLoadStrategy: normal, platform: WINDOWS, platformName: WINDOWS, proxy: Proxy(), setWindowRect: true, strictFileInteractability: false, timeouts: {implicit: 0, pageLoad: 300000, script: 30000}, unhandledPromptBehavior: dismiss and notify, webauthn:extension:credBlob: true, webauthn:extension:largeBlob: true, webauthn:extension:minPinLength: true, webauthn:extension:prf: true, webauthn:virtualAuthenticators: true}&#10;Session ID: 26e5bf1450cf63830193609b9734230c&#10;*** Element info: {Using=xpath, value=.//button[.//span[contains(text(), 'Payment Amount')]] | .//a[contains(text(), 'Payment Amount')] | //button//span[contains(.,'Payment Amount')] | .//a//span[contains(.,'Payment Amount')] | .//div//span[contains(.,'Payment Amount')]}" type="org.openqa.selenium.NoSuchElementException">no such element: Unable to locate element: {"method":"xpath","selector":".//button[.//span[contains(text(), 'Payment Amount')]] | .//a[contains(text(), 'Payment Amount')] | //button//span[contains(.,'Payment Amount')] | .//a//span[contains(.,'Payment Amount')] | .//div//span[contains(.,'Payment Amount')]"}
  (Session info: chrome-headless-shell=125.0.6422.144)
For documentation on this error, please visit: https://www.seleniumhq.org/exceptions/no_such_element.html
Build info: version: '3.141.59', revision: 'e82be7d358', time: '2018-11-14T08:17:03'
System info: host: 'PCS15848', ip: '192.168.1.8', os.name: 'Windows 10', os.arch: 'amd64', os.version: '10.0', java.version: '1.8.0_392'
Driver info: org.openqa.selenium.chrome.ChromeDriver
Capabilities {acceptInsecureCerts: false, browserName: chrome-headless-shell, browserVersion: 125.0.6422.144, chrome: {chromedriverVersion: 125.0.6422.76 (67dcf7562b8f..., userDataDir: C:\Users\A734509\AppData\Lo...}, fedcm:accounts: true, goog:chromeOptions: {debuggerAddress: localhost:61621}, javascriptEnabled: true, networkConnectionEnabled: false, pageLoadStrategy: normal, platform: WINDOWS, platformName: WINDOWS, proxy: Proxy(), setWindowRect: true, strictFileInteractability: false, timeouts: {implicit: 0, pageLoad: 300000, script: 30000}, unhandledPromptBehavior: dismiss and notify, webauthn:extension:credBlob: true, webauthn:extension:largeBlob: true, webauthn:extension:minPinLength: true, webauthn:extension:prf: true, webauthn:virtualAuthenticators: true}
Session ID: 26e5bf1450cf63830193609b9734230c
*** Element info: {Using=xpath, value=.//button[.//span[contains(text(), 'Payment Amount')]] | .//a[contains(text(), 'Payment Amount')] | //button//span[contains(.,'Payment Amount')] | .//a//span[contains(.,'Payment Amount')] | .//div//span[contains(.,'Payment Amount')]}</error><system-err>no such element: Unable to locate element: {"method":"xpath","selector":".//button[.//span[contains(text(), 'Payment Amount')]] | .//a[contains(text(), 'Payment Amount')] | //button//span[contains(.,'Payment Amount')] | .//a//span[contains(.,'Payment Amount')] | .//div//span[contains(.,'Payment Amount')]"}
  (Session info: chrome-headless-shell=125.0.6422.144)
For documentation on this error, please visit: https://www.seleniumhq.org/exceptions/no_such_element.html
Build info: version: '3.141.59', revision: 'e82be7d358', time: '2018-11-14T08:17:03'
System info: host: 'PCS15848', ip: '192.168.1.8', os.name: 'Windows 10', os.arch: 'amd64', os.version: '10.0', java.version: '1.8.0_392'
Driver info: org.openqa.selenium.chrome.ChromeDriver
Capabilities {acceptInsecureCerts: false, browserName: chrome-headless-shell, browserVersion: 125.0.6422.144, chrome: {chromedriverVersion: 125.0.6422.76 (67dcf7562b8f..., userDataDir: C:\Users\A734509\AppData\Lo...}, fedcm:accounts: true, goog:chromeOptions: {debuggerAddress: localhost:61621}, javascriptEnabled: true, networkConnectionEnabled: false, pageLoadStrategy: normal, platform: WINDOWS, platformName: WINDOWS, proxy: Proxy(), setWindowRect: true, strictFileInteractability: false, timeouts: {implicit: 0, pageLoad: 300000, script: 30000}, unhandledPromptBehavior: dismiss and notify, webauthn:extension:credBlob: true, webauthn:extension:largeBlob: true, webauthn:extension:minPinLength: true, webauthn:extension:prf: true, webauthn:virtualAuthenticators: true}
Session ID: 26e5bf1450cf63830193609b9734230c
*** Element info: {Using=xpath, value=.//button[.//span[contains(text(), 'Payment Amount')]] | .//a[contains(text(), 'Payment Amount')] | //button//span[contains(.,'Payment Amount')] | .//a//span[contains(.,'Payment Amount')] | .//div//span[contains(.,'Payment Amount')]}&#13;
pageobjects.IRIS.FAD.GenericPage.scrollIntoView(GenericPage.java:315)&#13;
pageobjects.IRIS.FAD.GenericPage.clickElement(GenericPage.java:197)&#13;
pageobjects.IRIS.FAD.GenericPage.clickLabeledButton(GenericPage.java:289)&#13;
pageobjects.IRIS.FAD.ReviewVoucherEntriesPage.clickPaymentAmountBtn(ReviewVoucherEntriesPage.java:48)&#13;
steps.IRIS.FAD.EditVoucherAPEntriesSteps.when_I_click_Payment_Amount_button(EditVoucherAPEntriesSteps.java:26)&#13;
org.icrc.fadapplic.IRIS.FAD.AccountsPayable.ReviewAPEntries.clearEmployeeFieldForGLDistributionAndVoucherEntries(ReviewAPEntries.java:593)&#13;
</system-err></testcase><testcase classname="org.icrc.fadapplic.IRIS.FAD.AccountsPayable.ReviewAPEntries" name="Reversal of unposted PO redistribution"/><testcase classname="org.icrc.fadapplic.IRIS.FAD.AccountsPayable.ReviewAPEntries" name="Create voucher entry and edit"><error message="no such element: Unable to locate element: {&quot;method&quot;:&quot;xpath&quot;,&quot;selector&quot;:&quot;.//button[.//span[contains(text(), 'Payment Amount')]] | .//a[contains(text(), 'Payment Amount')] | //button//span[contains(.,'Payment Amount')] | .//a//span[contains(.,'Payment Amount')] | .//div//span[contains(.,'Payment Amount')]&quot;}&#10;  (Session info: chrome-headless-shell=125.0.6422.144)&#10;For documentation on this error, please visit: https://www.seleniumhq.org/exceptions/no_such_element.html&#10;Build info: version: '3.141.59', revision: 'e82be7d358', time: '2018-11-14T08:17:03'&#10;System info: host: 'PCS15848', ip: '192.168.1.8', os.name: 'Windows 10', os.arch: 'amd64', os.version: '10.0', java.version: '1.8.0_392'&#10;Driver info: org.openqa.selenium.chrome.ChromeDriver&#10;Capabilities {acceptInsecureCerts: false, browserName: chrome-headless-shell, browserVersion: 125.0.6422.144, chrome: {chromedriverVersion: 125.0.6422.76 (67dcf7562b8f..., userDataDir: C:\Users\A734509\AppData\Lo...}, fedcm:accounts: true, goog:chromeOptions: {debuggerAddress: localhost:61739}, javascriptEnabled: true, networkConnectionEnabled: false, pageLoadStrategy: normal, platform: WINDOWS, platformName: WINDOWS, proxy: Proxy(), setWindowRect: true, strictFileInteractability: false, timeouts: {implicit: 0, pageLoad: 300000, script: 30000}, unhandledPromptBehavior: dismiss and notify, webauthn:extension:credBlob: true, webauthn:extension:largeBlob: true, webauthn:extension:minPinLength: true, webauthn:extension:prf: true, webauthn:virtualAuthenticators: true}&#10;Session ID: e7a79be7db808dbf1ec6a821270c67c7&#10;*** Element info: {Using=xpath, value=.//button[.//span[contains(text(), 'Payment Amount')]] | .//a[contains(text(), 'Payment Amount')] | //button//span[contains(.,'Payment Amount')] | .//a//span[contains(.,'Payment Amount')] | .//div//span[contains(.,'Payment Amount')]}" type="org.openqa.selenium.NoSuchElementException">no such element: Unable to locate element: {"method":"xpath","selector":".//button[.//span[contains(text(), 'Payment Amount')]] | .//a[contains(text(), 'Payment Amount')] | //button//span[contains(.,'Payment Amount')] | .//a//span[contains(.,'Payment Amount')] | .//div//span[contains(.,'Payment Amount')]"}
  (Session info: chrome-headless-shell=125.0.6422.144)
For documentation on this error, please visit: https://www.seleniumhq.org/exceptions/no_such_element.html
Build info: version: '3.141.59', revision: 'e82be7d358', time: '2018-11-14T08:17:03'
System info: host: 'PCS15848', ip: '192.168.1.8', os.name: 'Windows 10', os.arch: 'amd64', os.version: '10.0', java.version: '1.8.0_392'
Driver info: org.openqa.selenium.chrome.ChromeDriver
Capabilities {acceptInsecureCerts: false, browserName: chrome-headless-shell, browserVersion: 125.0.6422.144, chrome: {chromedriverVersion: 125.0.6422.76 (67dcf7562b8f..., userDataDir: C:\Users\A734509\AppData\Lo...}, fedcm:accounts: true, goog:chromeOptions: {debuggerAddress: localhost:61739}, javascriptEnabled: true, networkConnectionEnabled: false, pageLoadStrategy: normal, platform: WINDOWS, platformName: WINDOWS, proxy: Proxy(), setWindowRect: true, strictFileInteractability: false, timeouts: {implicit: 0, pageLoad: 300000, script: 30000}, unhandledPromptBehavior: dismiss and notify, webauthn:extension:credBlob: true, webauthn:extension:largeBlob: true, webauthn:extension:minPinLength: true, webauthn:extension:prf: true, webauthn:virtualAuthenticators: true}
Session ID: e7a79be7db808dbf1ec6a821270c67c7
*** Element info: {Using=xpath, value=.//button[.//span[contains(text(), 'Payment Amount')]] | .//a[contains(text(), 'Payment Amount')] | //button//span[contains(.,'Payment Amount')] | .//a//span[contains(.,'Payment Amount')] | .//div//span[contains(.,'Payment Amount')]}</error><system-err>no such element: Unable to locate element: {"method":"xpath","selector":".//button[.//span[contains(text(), 'Payment Amount')]] | .//a[contains(text(), 'Payment Amount')] | //button//span[contains(.,'Payment Amount')] | .//a//span[contains(.,'Payment Amount')] | .//div//span[contains(.,'Payment Amount')]"}
  (Session info: chrome-headless-shell=125.0.6422.144)
For documentation on this error, please visit: https://www.seleniumhq.org/exceptions/no_such_element.html
Build info: version: '3.141.59', revision: 'e82be7d358', time: '2018-11-14T08:17:03'
System info: host: 'PCS15848', ip: '192.168.1.8', os.name: 'Windows 10', os.arch: 'amd64', os.version: '10.0', java.version: '1.8.0_392'
Driver info: org.openqa.selenium.chrome.ChromeDriver
Capabilities {acceptInsecureCerts: false, browserName: chrome-headless-shell, browserVersion: 125.0.6422.144, chrome: {chromedriverVersion: 125.0.6422.76 (67dcf7562b8f..., userDataDir: C:\Users\A734509\AppData\Lo...}, fedcm:accounts: true, goog:chromeOptions: {debuggerAddress: localhost:61739}, javascriptEnabled: true, networkConnectionEnabled: false, pageLoadStrategy: normal, platform: WINDOWS, platformName: WINDOWS, proxy: Proxy(), setWindowRect: true, strictFileInteractability: false, timeouts: {implicit: 0, pageLoad: 300000, script: 30000}, unhandledPromptBehavior: dismiss and notify, webauthn:extension:credBlob: true, webauthn:extension:largeBlob: true, webauthn:extension:minPinLength: true, webauthn:extension:prf: true, webauthn:virtualAuthenticators: true}
Session ID: e7a79be7db808dbf1ec6a821270c67c7
*** Element info: {Using=xpath, value=.//button[.//span[contains(text(), 'Payment Amount')]] | .//a[contains(text(), 'Payment Amount')] | //button//span[contains(.,'Payment Amount')] | .//a//span[contains(.,'Payment Amount')] | .//div//span[contains(.,'Payment Amount')]}&#13;
pageobjects.IRIS.FAD.GenericPage.scrollIntoView(GenericPage.java:315)&#13;
pageobjects.IRIS.FAD.GenericPage.clickElement(GenericPage.java:197)&#13;
pageobjects.IRIS.FAD.GenericPage.clickLabeledButton(GenericPage.java:289)&#13;
pageobjects.IRIS.FAD.ReviewVoucherEntriesPage.clickPaymentAmountBtn(ReviewVoucherEntriesPage.java:48)&#13;
steps.IRIS.FAD.EditVoucherAPEntriesSteps.when_I_click_Payment_Amount_button(EditVoucherAPEntriesSteps.java:26)&#13;
org.icrc.fadapplic.IRIS.FAD.AccountsPayable.ReviewAPEntries.createVoucherEntryAndEdit(ReviewAPEntries.java:1111)&#13;
</system-err></testcase><testcase classname="org.icrc.fadapplic.IRIS.FAD.AccountsPayable.ReviewAPEntries" name="Edit AP entries"><error message="no such element: Unable to locate element: {&quot;method&quot;:&quot;xpath&quot;,&quot;selector&quot;:&quot;.//button[.//span[contains(text(), 'Payment Amount')]] | .//a[contains(text(), 'Payment Amount')] | //button//span[contains(.,'Payment Amount')] | .//a//span[contains(.,'Payment Amount')] | .//div//span[contains(.,'Payment Amount')]&quot;}&#10;  (Session info: chrome-headless-shell=125.0.6422.144)&#10;For documentation on this error, please visit: https://www.seleniumhq.org/exceptions/no_such_element.html&#10;Build info: version: '3.141.59', revision: 'e82be7d358', time: '2018-11-14T08:17:03'&#10;System info: host: 'PCS15848', ip: '192.168.1.8', os.name: 'Windows 10', os.arch: 'amd64', os.version: '10.0', java.version: '1.8.0_392'&#10;Driver info: org.openqa.selenium.chrome.ChromeDriver&#10;Capabilities {acceptInsecureCerts: false, browserName: chrome-headless-shell, browserVersion: 125.0.6422.144, chrome: {chromedriverVersion: 125.0.6422.76 (67dcf7562b8f..., userDataDir: C:\Users\A734509\AppData\Lo...}, fedcm:accounts: true, goog:chromeOptions: {debuggerAddress: localhost:61802}, javascriptEnabled: true, networkConnectionEnabled: false, pageLoadStrategy: normal, platform: WINDOWS, platformName: WINDOWS, proxy: Proxy(), setWindowRect: true, strictFileInteractability: false, timeouts: {implicit: 0, pageLoad: 300000, script: 30000}, unhandledPromptBehavior: dismiss and notify, webauthn:extension:credBlob: true, webauthn:extension:largeBlob: true, webauthn:extension:minPinLength: true, webauthn:extension:prf: true, webauthn:virtualAuthenticators: true}&#10;Session ID: ea4d2f7cdcac7914f3e4a73f262b9461&#10;*** Element info: {Using=xpath, value=.//button[.//span[contains(text(), 'Payment Amount')]] | .//a[contains(text(), 'Payment Amount')] | //button//span[contains(.,'Payment Amount')] | .//a//span[contains(.,'Payment Amount')] | .//div//span[contains(.,'Payment Amount')]}" type="org.openqa.selenium.NoSuchElementException">no such element: Unable to locate element: {"method":"xpath","selector":".//button[.//span[contains(text(), 'Payment Amount')]] | .//a[contains(text(), 'Payment Amount')] | //button//span[contains(.,'Payment Amount')] | .//a//span[contains(.,'Payment Amount')] | .//div//span[contains(.,'Payment Amount')]"}
  (Session info: chrome-headless-shell=125.0.6422.144)
For documentation on this error, please visit: https://www.seleniumhq.org/exceptions/no_such_element.html
Build info: version: '3.141.59', revision: 'e82be7d358', time: '2018-11-14T08:17:03'
System info: host: 'PCS15848', ip: '192.168.1.8', os.name: 'Windows 10', os.arch: 'amd64', os.version: '10.0', java.version: '1.8.0_392'
Driver info: org.openqa.selenium.chrome.ChromeDriver
Capabilities {acceptInsecureCerts: false, browserName: chrome-headless-shell, browserVersion: 125.0.6422.144, chrome: {chromedriverVersion: 125.0.6422.76 (67dcf7562b8f..., userDataDir: C:\Users\A734509\AppData\Lo...}, fedcm:accounts: true, goog:chromeOptions: {debuggerAddress: localhost:61802}, javascriptEnabled: true, networkConnectionEnabled: false, pageLoadStrategy: normal, platform: WINDOWS, platformName: WINDOWS, proxy: Proxy(), setWindowRect: true, strictFileInteractability: false, timeouts: {implicit: 0, pageLoad: 300000, script: 30000}, unhandledPromptBehavior: dismiss and notify, webauthn:extension:credBlob: true, webauthn:extension:largeBlob: true, webauthn:extension:minPinLength: true, webauthn:extension:prf: true, webauthn:virtualAuthenticators: true}
Session ID: ea4d2f7cdcac7914f3e4a73f262b9461
*** Element info: {Using=xpath, value=.//button[.//span[contains(text(), 'Payment Amount')]] | .//a[contains(text(), 'Payment Amount')] | //button//span[contains(.,'Payment Amount')] | .//a//span[contains(.,'Payment Amount')] | .//div//span[contains(.,'Payment Amount')]}</error><system-err>no such element: Unable to locate element: {"method":"xpath","selector":".//button[.//span[contains(text(), 'Payment Amount')]] | .//a[contains(text(), 'Payment Amount')] | //button//span[contains(.,'Payment Amount')] | .//a//span[contains(.,'Payment Amount')] | .//div//span[contains(.,'Payment Amount')]"}
  (Session info: chrome-headless-shell=125.0.6422.144)
For documentation on this error, please visit: https://www.seleniumhq.org/exceptions/no_such_element.html
Build info: version: '3.141.59', revision: 'e82be7d358', time: '2018-11-14T08:17:03'
System info: host: 'PCS15848', ip: '192.168.1.8', os.name: 'Windows 10', os.arch: 'amd64', os.version: '10.0', java.version: '1.8.0_392'
Driver info: org.openqa.selenium.chrome.ChromeDriver
Capabilities {acceptInsecureCerts: false, browserName: chrome-headless-shell, browserVersion: 125.0.6422.144, chrome: {chromedriverVersion: 125.0.6422.76 (67dcf7562b8f..., userDataDir: C:\Users\A734509\AppData\Lo...}, fedcm:accounts: true, goog:chromeOptions: {debuggerAddress: localhost:61802}, javascriptEnabled: true, networkConnectionEnabled: false, pageLoadStrategy: normal, platform: WINDOWS, platformName: WINDOWS, proxy: Proxy(), setWindowRect: true, strictFileInteractability: false, timeouts: {implicit: 0, pageLoad: 300000, script: 30000}, unhandledPromptBehavior: dismiss and notify, webauthn:extension:credBlob: true, webauthn:extension:largeBlob: true, webauthn:extension:minPinLength: true, webauthn:extension:prf: true, webauthn:virtualAuthenticators: true}
Session ID: ea4d2f7cdcac7914f3e4a73f262b9461
*** Element info: {Using=xpath, value=.//button[.//span[contains(text(), 'Payment Amount')]] | .//a[contains(text(), 'Payment Amount')] | //button//span[contains(.,'Payment Amount')] | .//a//span[contains(.,'Payment Amount')] | .//div//span[contains(.,'Payment Amount')]}&#13;
pageobjects.IRIS.FAD.GenericPage.scrollIntoView(GenericPage.java:315)&#13;
pageobjects.IRIS.FAD.GenericPage.clickElement(GenericPage.java:197)&#13;
pageobjects.IRIS.FAD.GenericPage.clickLabeledButton(GenericPage.java:289)&#13;
pageobjects.IRIS.FAD.ReviewVoucherEntriesPage.clickPaymentAmountBtn(ReviewVoucherEntriesPage.java:48)&#13;
steps.IRIS.FAD.EditVoucherAPEntriesSteps.when_I_click_Payment_Amount_button(EditVoucherAPEntriesSteps.java:26)&#13;
org.icrc.fadapplic.IRIS.FAD.AccountsPayable.ReviewAPEntries.editAPEntries(ReviewAPEntries.java:1745)&#13;
</system-err></testcase><testcase classname="org.icrc.fadapplic.IRIS.FAD.AccountsPayable.ReviewAPEntries" name="Review voucher AP entries"/><testcase classname="org.icrc.fadapplic.IRIS.FAD.AccountsPayable.ReviewAPEntries" name="Search payment"/><testcase classname="org.icrc.fadapplic.IRIS.FAD.AccountsPayable.ReviewAPEntries" name="Reversal of unposted voucher match"><error message="no such element: Unable to locate element: {&quot;method&quot;:&quot;xpath&quot;,&quot;selector&quot;:&quot;.//button[.//span[contains(text(), 'Validate')]] | .//a[contains(text(), 'Validate')] | //button//span[contains(.,'Validate')] | .//a//span[contains(.,'Validate')] | .//div//span[contains(.,'Validate')]&quot;}&#10;  (Session info: chrome-headless-shell=125.0.6422.144)&#10;For documentation on this error, please visit: https://www.seleniumhq.org/exceptions/no_such_element.html&#10;Build info: version: '3.141.59', revision: 'e82be7d358', time: '2018-11-14T08:17:03'&#10;System info: host: 'PCS15848', ip: '192.168.1.8', os.name: 'Windows 10', os.arch: 'amd64', os.version: '10.0', java.version: '1.8.0_392'&#10;Driver info: org.openqa.selenium.chrome.ChromeDriver&#10;Capabilities {acceptInsecureCerts: false, browserName: chrome-headless-shell, browserVersion: 125.0.6422.144, chrome: {chromedriverVersion: 125.0.6422.76 (67dcf7562b8f..., userDataDir: C:\Users\A734509\AppData\Lo...}, fedcm:accounts: true, goog:chromeOptions: {debuggerAddress: localhost:61993}, javascriptEnabled: true, networkConnectionEnabled: false, pageLoadStrategy: normal, platform: WINDOWS, platformName: WINDOWS, proxy: Proxy(), setWindowRect: true, strictFileInteractability: false, timeouts: {implicit: 0, pageLoad: 300000, script: 30000}, unhandledPromptBehavior: dismiss and notify, webauthn:extension:credBlob: true, webauthn:extension:largeBlob: true, webauthn:extension:minPinLength: true, webauthn:extension:prf: true, webauthn:virtualAuthenticators: true}&#10;Session ID: aa83cbe9c00f0668db3f2e426bf24d89&#10;*** Element info: {Using=xpath, value=.//button[.//span[contains(text(), 'Validate')]] | .//a[contains(text(), 'Validate')] | //button//span[contains(.,'Validate')] | .//a//span[contains(.,'Validate')] | .//div//span[contains(.,'Validate')]}" type="org.openqa.selenium.NoSuchElementException">no such element: Unable to locate element: {"method":"xpath","selector":".//button[.//span[contains(text(), 'Validate')]] | .//a[contains(text(), 'Validate')] | //button//span[contains(.,'Validate')] | .//a//span[contains(.,'Validate')] | .//div//span[contains(.,'Validate')]"}
  (Session info: chrome-headless-shell=125.0.6422.144)
For documentation on this error, please visit: https://www.seleniumhq.org/exceptions/no_such_element.html
Build info: version: '3.141.59', revision: 'e82be7d358', time: '2018-11-14T08:17:03'
System info: host: 'PCS15848', ip: '192.168.1.8', os.name: 'Windows 10', os.arch: 'amd64', os.version: '10.0', java.version: '1.8.0_392'
Driver info: org.openqa.selenium.chrome.ChromeDriver
Capabilities {acceptInsecureCerts: false, browserName: chrome-headless-shell, browserVersion: 125.0.6422.144, chrome: {chromedriverVersion: 125.0.6422.76 (67dcf7562b8f..., userDataDir: C:\Users\A734509\AppData\Lo...}, fedcm:accounts: true, goog:chromeOptions: {debuggerAddress: localhost:61993}, javascriptEnabled: true, networkConnectionEnabled: false, pageLoadStrategy: normal, platform: WINDOWS, platformName: WINDOWS, proxy: Proxy(), setWindowRect: true, strictFileInteractability: false, timeouts: {implicit: 0, pageLoad: 300000, script: 30000}, unhandledPromptBehavior: dismiss and notify, webauthn:extension:credBlob: true, webauthn:extension:largeBlob: true, webauthn:extension:minPinLength: true, webauthn:extension:prf: true, webauthn:virtualAuthenticators: true}
Session ID: aa83cbe9c00f0668db3f2e426bf24d89
*** Element info: {Using=xpath, value=.//button[.//span[contains(text(), 'Validate')]] | .//a[contains(text(), 'Validate')] | //button//span[contains(.,'Validate')] | .//a//span[contains(.,'Validate')] | .//div//span[contains(.,'Validate')]}</error><system-err>no such element: Unable to locate element: {"method":"xpath","selector":".//button[.//span[contains(text(), 'Validate')]] | .//a[contains(text(), 'Validate')] | //button//span[contains(.,'Validate')] | .//a//span[contains(.,'Validate')] | .//div//span[contains(.,'Validate')]"}
  (Session info: chrome-headless-shell=125.0.6422.144)
For documentation on this error, please visit: https://www.seleniumhq.org/exceptions/no_such_element.html
Build info: version: '3.141.59', revision: 'e82be7d358', time: '2018-11-14T08:17:03'
System info: host: 'PCS15848', ip: '192.168.1.8', os.name: 'Windows 10', os.arch: 'amd64', os.version: '10.0', java.version: '1.8.0_392'
Driver info: org.openqa.selenium.chrome.ChromeDriver
Capabilities {acceptInsecureCerts: false, browserName: chrome-headless-shell, browserVersion: 125.0.6422.144, chrome: {chromedriverVersion: 125.0.6422.76 (67dcf7562b8f..., userDataDir: C:\Users\A734509\AppData\Lo...}, fedcm:accounts: true, goog:chromeOptions: {debuggerAddress: localhost:61993}, javascriptEnabled: true, networkConnectionEnabled: false, pageLoadStrategy: normal, platform: WINDOWS, platformName: WINDOWS, proxy: Proxy(), setWindowRect: true, strictFileInteractability: false, timeouts: {implicit: 0, pageLoad: 300000, script: 30000}, unhandledPromptBehavior: dismiss and notify, webauthn:extension:credBlob: true, webauthn:extension:largeBlob: true, webauthn:extension:minPinLength: true, webauthn:extension:prf: true, webauthn:virtualAuthenticators: true}
Session ID: aa83cbe9c00f0668db3f2e426bf24d89
*** Element info: {Using=xpath, value=.//button[.//span[contains(text(), 'Validate')]] | .//a[contains(text(), 'Validate')] | //button//span[contains(.,'Validate')] | .//a//span[contains(.,'Validate')] | .//div//span[contains(.,'Validate')]}&#13;
pageobjects.IRIS.FAD.GenericPage.scrollIntoView(GenericPage.java:315)&#13;
pageobjects.IRIS.FAD.GenericPage.clickElement(GenericPage.java:197)&#13;
pageobjects.IRIS.FAD.GenericPage.clickLabeledButton(GenericPage.java:289)&#13;
pageobjects.IRIS.FAD.VoucherMatchPage.clickOnValidateBtn(VoucherMatchPage.java:97)&#13;
steps.IRIS.FAD.VoucherMatchSteps.when_I_click_on_Validate_button(VoucherMatchSteps.java:109)&#13;
org.icrc.fadapplic.IRIS.FAD.AccountsPayable.ReviewAPEntries.reversalOfUnpostedVoucherMatch(ReviewAPEntries.java:759)&#13;
</system-err></testcase><testcase classname="org.icrc.fadapplic.IRIS.FAD.AccountsPayable.ReviewAPEntries" name="Check edit button for voucher entry and redistribute GL"><failure message="expected:&lt;[Payment Information]&gt; but was:&lt;[118173 - Finejet Africa Holdings Limited - FIN01SS]&gt;" type="org.junit.ComparisonFailure">expected:&lt;[Payment Information]&gt; but was:&lt;[118173 - Finejet Africa Holdings Limited - FIN01SS]&gt;</failure><system-err>expected:&lt;[Payment Information]&gt; but was:&lt;[118173 - Finejet Africa Holdings Limited - FIN01SS]&gt;&#13;
steps.IRIS.FAD.VoucherEntrySteps.then_the_Payment_Information_form_and_its_contents_should_show_up(VoucherEntrySteps.java:32)&#13;
org.icrc.fadapplic.IRIS.FAD.AccountsPayable.ReviewAPEntries.checkEditButtonForVoucherEntryAndRedistributeGL(ReviewAPEntries.java:304)&#13;
</system-err></testcase><testcase classname="org.icrc.fadapplic.IRIS.FAD.AccountsPayable.ReviewAPEntries" name="Print payment form"/><testcase classname="org.icrc.fadapplic.IRIS.FAD.AccountsPayable.ReviewAPEntries" name="Edit voucher entry line account number"><error message="no such element: Unable to locate element: {&quot;method&quot;:&quot;xpath&quot;,&quot;selector&quot;:&quot;.//button[.//span[contains(text(), 'Payment Amount')]] | .//a[contains(text(), 'Payment Amount')] | //button//span[contains(.,'Payment Amount')] | .//a//span[contains(.,'Payment Amount')] | .//div//span[contains(.,'Payment Amount')]&quot;}&#10;  (Session info: chrome-headless-shell=125.0.6422.144)&#10;For documentation on this error, please visit: https://www.seleniumhq.org/exceptions/no_such_element.html&#10;Build info: version: '3.141.59', revision: 'e82be7d358', time: '2018-11-14T08:17:03'&#10;System info: host: 'PCS15848', ip: '192.168.1.8', os.name: 'Windows 10', os.arch: 'amd64', os.version: '10.0', java.version: '1.8.0_392'&#10;Driver info: org.openqa.selenium.chrome.ChromeDriver&#10;Capabilities {acceptInsecureCerts: false, browserName: chrome-headless-shell, browserVersion: 125.0.6422.144, chrome: {chromedriverVersion: 125.0.6422.76 (67dcf7562b8f..., userDataDir: C:\Users\A734509\AppData\Lo...}, fedcm:accounts: true, goog:chromeOptions: {debuggerAddress: localhost:62152}, javascriptEnabled: true, networkConnectionEnabled: false, pageLoadStrategy: normal, platform: WINDOWS, platformName: WINDOWS, proxy: Proxy(), setWindowRect: true, strictFileInteractability: false, timeouts: {implicit: 0, pageLoad: 300000, script: 30000}, unhandledPromptBehavior: dismiss and notify, webauthn:extension:credBlob: true, webauthn:extension:largeBlob: true, webauthn:extension:minPinLength: true, webauthn:extension:prf: true, webauthn:virtualAuthenticators: true}&#10;Session ID: fc684d258e35982196fc3bda1bad4a4d&#10;*** Element info: {Using=xpath, value=.//button[.//span[contains(text(), 'Payment Amount')]] | .//a[contains(text(), 'Payment Amount')] | //button//span[contains(.,'Payment Amount')] | .//a//span[contains(.,'Payment Amount')] | .//div//span[contains(.,'Payment Amount')]}" type="org.openqa.selenium.NoSuchElementException">no such element: Unable to locate element: {"method":"xpath","selector":".//button[.//span[contains(text(), 'Payment Amount')]] | .//a[contains(text(), 'Payment Amount')] | //button//span[contains(.,'Payment Amount')] | .//a//span[contains(.,'Payment Amount')] | .//div//span[contains(.,'Payment Amount')]"}
  (Session info: chrome-headless-shell=125.0.6422.144)
For documentation on this error, please visit: https://www.seleniumhq.org/exceptions/no_such_element.html
Build info: version: '3.141.59', revision: 'e82be7d358', time: '2018-11-14T08:17:03'
System info: host: 'PCS15848', ip: '192.168.1.8', os.name: 'Windows 10', os.arch: 'amd64', os.version: '10.0', java.version: '1.8.0_392'
Driver info: org.openqa.selenium.chrome.ChromeDriver
Capabilities {acceptInsecureCerts: false, browserName: chrome-headless-shell, browserVersion: 125.0.6422.144, chrome: {chromedriverVersion: 125.0.6422.76 (67dcf7562b8f..., userDataDir: C:\Users\A734509\AppData\Lo...}, fedcm:accounts: true, goog:chromeOptions: {debuggerAddress: localhost:62152}, javascriptEnabled: true, networkConnectionEnabled: false, pageLoadStrategy: normal, platform: WINDOWS, platformName: WINDOWS, proxy: Proxy(), setWindowRect: true, strictFileInteractability: false, timeouts: {implicit: 0, pageLoad: 300000, script: 30000}, unhandledPromptBehavior: dismiss and notify, webauthn:extension:credBlob: true, webauthn:extension:largeBlob: true, webauthn:extension:minPinLength: true, webauthn:extension:prf: true, webauthn:virtualAuthenticators: true}
Session ID: fc684d258e35982196fc3bda1bad4a4d
*** Element info: {Using=xpath, value=.//button[.//span[contains(text(), 'Payment Amount')]] | .//a[contains(text(), 'Payment Amount')] | //button//span[contains(.,'Payment Amount')] | .//a//span[contains(.,'Payment Amount')] | .//div//span[contains(.,'Payment Amount')]}</error><system-err>no such element: Unable to locate element: {"method":"xpath","selector":".//button[.//span[contains(text(), 'Payment Amount')]] | .//a[contains(text(), 'Payment Amount')] | //button//span[contains(.,'Payment Amount')] | .//a//span[contains(.,'Payment Amount')] | .//div//span[contains(.,'Payment Amount')]"}
  (Session info: chrome-headless-shell=125.0.6422.144)
For documentation on this error, please visit: https://www.seleniumhq.org/exceptions/no_such_element.html
Build info: version: '3.141.59', revision: 'e82be7d358', time: '2018-11-14T08:17:03'
System info: host: 'PCS15848', ip: '192.168.1.8', os.name: 'Windows 10', os.arch: 'amd64', os.version: '10.0', java.version: '1.8.0_392'
Driver info: org.openqa.selenium.chrome.ChromeDriver
Capabilities {acceptInsecureCerts: false, browserName: chrome-headless-shell, browserVersion: 125.0.6422.144, chrome: {chromedriverVersion: 125.0.6422.76 (67dcf7562b8f..., userDataDir: C:\Users\A734509\AppData\Lo...}, fedcm:accounts: true, goog:chromeOptions: {debuggerAddress: localhost:62152}, javascriptEnabled: true, networkConnectionEnabled: false, pageLoadStrategy: normal, platform: WINDOWS, platformName: WINDOWS, proxy: Proxy(), setWindowRect: true, strictFileInteractability: false, timeouts: {implicit: 0, pageLoad: 300000, script: 30000}, unhandledPromptBehavior: dismiss and notify, webauthn:extension:credBlob: true, webauthn:extension:largeBlob: true, webauthn:extension:minPinLength: true, webauthn:extension:prf: true, webauthn:virtualAuthenticators: true}
Session ID: fc684d258e35982196fc3bda1bad4a4d
*** Element info: {Using=xpath, value=.//button[.//span[contains(text(), 'Payment Amount')]] | .//a[contains(text(), 'Payment Amount')] | //button//span[contains(.,'Payment Amount')] | .//a//span[contains(.,'Payment Amount')] | .//div//span[contains(.,'Payment Amount')]}&#13;
pageobjects.IRIS.FAD.GenericPage.scrollIntoView(GenericPage.java:315)&#13;
pageobjects.IRIS.FAD.GenericPage.clickElement(GenericPage.java:197)&#13;
pageobjects.IRIS.FAD.GenericPage.clickLabeledButton(GenericPage.java:289)&#13;
pageobjects.IRIS.FAD.ReviewVoucherEntriesPage.clickPaymentAmountBtn(ReviewVoucherEntriesPage.java:48)&#13;
steps.IRIS.FAD.EditVoucherAPEntriesSteps.when_I_click_Payment_Amount_button(EditVoucherAPEntriesSteps.java:26)&#13;
org.icrc.fadapplic.IRIS.FAD.AccountsPayable.ReviewAPEntries.editVoucherEntryLineAccountNumber(ReviewAPEntries.java:161)&#13;
</system-err></testcase><testcase classname="org.icrc.fadapplic.IRIS.FAD.AccountsPayable.ReviewAPEntries" name="Payment information"/><testcase classname="org.icrc.fadapplic.IRIS.FAD.AccountsPayable.ReviewAPEntries" name="Delete voucher AP entry"/><testcase classname="org.icrc.fadapplic.IRIS.FAD.AccountsPayable.ReviewAPEntries" name="Create voucher entry and test filter selection"/><testcase classname="org.icrc.fadapplic.IRIS.FAD.AccountsPayable.ReviewAPEntries" name="Create voucher entry review and delete"><error message="no such element: Unable to locate element: {&quot;method&quot;:&quot;xpath&quot;,&quot;selector&quot;:&quot;.//button[.//span[contains(text(), 'Payment Amount')]] | .//a[contains(text(), 'Payment Amount')] | //button//span[contains(.,'Payment Amount')] | .//a//span[contains(.,'Payment Amount')] | .//div//span[contains(.,'Payment Amount')]&quot;}&#10;  (Session info: chrome-headless-shell=125.0.6422.144)&#10;For documentation on this error, please visit: https://www.seleniumhq.org/exceptions/no_such_element.html&#10;Build info: version: '3.141.59', revision: 'e82be7d358', time: '2018-11-14T08:17:03'&#10;System info: host: 'PCS15848', ip: '192.168.1.8', os.name: 'Windows 10', os.arch: 'amd64', os.version: '10.0', java.version: '1.8.0_392'&#10;Driver info: org.openqa.selenium.chrome.ChromeDriver&#10;Capabilities {acceptInsecureCerts: false, browserName: chrome-headless-shell, browserVersion: 125.0.6422.144, chrome: {chromedriverVersion: 125.0.6422.76 (67dcf7562b8f..., userDataDir: C:\Users\A734509\AppData\Lo...}, fedcm:accounts: true, goog:chromeOptions: {debuggerAddress: localhost:62385}, javascriptEnabled: true, networkConnectionEnabled: false, pageLoadStrategy: normal, platform: WINDOWS, platformName: WINDOWS, proxy: Proxy(), setWindowRect: true, strictFileInteractability: false, timeouts: {implicit: 0, pageLoad: 300000, script: 30000}, unhandledPromptBehavior: dismiss and notify, webauthn:extension:credBlob: true, webauthn:extension:largeBlob: true, webauthn:extension:minPinLength: true, webauthn:extension:prf: true, webauthn:virtualAuthenticators: true}&#10;Session ID: d08b462351813c9fe50f50c47062c3a8&#10;*** Element info: {Using=xpath, value=.//button[.//span[contains(text(), 'Payment Amount')]] | .//a[contains(text(), 'Payment Amount')] | //button//span[contains(.,'Payment Amount')] | .//a//span[contains(.,'Payment Amount')] | .//div//span[contains(.,'Payment Amount')]}" type="org.openqa.selenium.NoSuchElementException">no such element: Unable to locate element: {"method":"xpath","selector":".//button[.//span[contains(text(), 'Payment Amount')]] | .//a[contains(text(), 'Payment Amount')] | //button//span[contains(.,'Payment Amount')] | .//a//span[contains(.,'Payment Amount')] | .//div//span[contains(.,'Payment Amount')]"}
  (Session info: chrome-headless-shell=125.0.6422.144)
For documentation on this error, please visit: https://www.seleniumhq.org/exceptions/no_such_element.html
Build info: version: '3.141.59', revision: 'e82be7d358', time: '2018-11-14T08:17:03'
System info: host: 'PCS15848', ip: '192.168.1.8', os.name: 'Windows 10', os.arch: 'amd64', os.version: '10.0', java.version: '1.8.0_392'
Driver info: org.openqa.selenium.chrome.ChromeDriver
Capabilities {acceptInsecureCerts: false, browserName: chrome-headless-shell, browserVersion: 125.0.6422.144, chrome: {chromedriverVersion: 125.0.6422.76 (67dcf7562b8f..., userDataDir: C:\Users\A734509\AppData\Lo...}, fedcm:accounts: true, goog:chromeOptions: {debuggerAddress: localhost:62385}, javascriptEnabled: true, networkConnectionEnabled: false, pageLoadStrategy: normal, platform: WINDOWS, platformName: WINDOWS, proxy: Proxy(), setWindowRect: true, strictFileInteractability: false, timeouts: {implicit: 0, pageLoad: 300000, script: 30000}, unhandledPromptBehavior: dismiss and notify, webauthn:extension:credBlob: true, webauthn:extension:largeBlob: true, webauthn:extension:minPinLength: true, webauthn:extension:prf: true, webauthn:virtualAuthenticators: true}
Session ID: d08b462351813c9fe50f50c47062c3a8
*** Element info: {Using=xpath, value=.//button[.//span[contains(text(), 'Payment Amount')]] | .//a[contains(text(), 'Payment Amount')] | //button//span[contains(.,'Payment Amount')] | .//a//span[contains(.,'Payment Amount')] | .//div//span[contains(.,'Payment Amount')]}</error><system-err>no such element: Unable to locate element: {"method":"xpath","selector":".//button[.//span[contains(text(), 'Payment Amount')]] | .//a[contains(text(), 'Payment Amount')] | //button//span[contains(.,'Payment Amount')] | .//a//span[contains(.,'Payment Amount')] | .//div//span[contains(.,'Payment Amount')]"}
  (Session info: chrome-headless-shell=125.0.6422.144)
For documentation on this error, please visit: https://www.seleniumhq.org/exceptions/no_such_element.html
Build info: version: '3.141.59', revision: 'e82be7d358', time: '2018-11-14T08:17:03'
System info: host: 'PCS15848', ip: '192.168.1.8', os.name: 'Windows 10', os.arch: 'amd64', os.version: '10.0', java.version: '1.8.0_392'
Driver info: org.openqa.selenium.chrome.ChromeDriver
Capabilities {acceptInsecureCerts: false, browserName: chrome-headless-shell, browserVersion: 125.0.6422.144, chrome: {chromedriverVersion: 125.0.6422.76 (67dcf7562b8f..., userDataDir: C:\Users\A734509\AppData\Lo...}, fedcm:accounts: true, goog:chromeOptions: {debuggerAddress: localhost:62385}, javascriptEnabled: true, networkConnectionEnabled: false, pageLoadStrategy: normal, platform: WINDOWS, platformName: WINDOWS, proxy: Proxy(), setWindowRect: true, strictFileInteractability: false, timeouts: {implicit: 0, pageLoad: 300000, script: 30000}, unhandledPromptBehavior: dismiss and notify, webauthn:extension:credBlob: true, webauthn:extension:largeBlob: true, webauthn:extension:minPinLength: true, webauthn:extension:prf: true, webauthn:virtualAuthenticators: true}
Session ID: d08b462351813c9fe50f50c47062c3a8
*** Element info: {Using=xpath, value=.//button[.//span[contains(text(), 'Payment Amount')]] | .//a[contains(text(), 'Payment Amount')] | //button//span[contains(.,'Payment Amount')] | .//a//span[contains(.,'Payment Amount')] | .//div//span[contains(.,'Payment Amount')]}&#13;
pageobjects.IRIS.FAD.GenericPage.scrollIntoView(GenericPage.java:315)&#13;
pageobjects.IRIS.FAD.GenericPage.clickElement(GenericPage.java:197)&#13;
pageobjects.IRIS.FAD.GenericPage.clickLabeledButton(GenericPage.java:289)&#13;
pageobjects.IRIS.FAD.ReviewVoucherEntriesPage.clickPaymentAmountBtn(ReviewVoucherEntriesPage.java:48)&#13;
steps.IRIS.FAD.EditVoucherAPEntriesSteps.when_I_click_Payment_Amount_button(EditVoucherAPEntriesSteps.java:26)&#13;
org.icrc.fadapplic.IRIS.FAD.AccountsPayable.ReviewAPEntries.createVoucherEntryReviewAndDelete(ReviewAPEntries.java:1260)&#13;
</system-err></testcase></testsuite>